#
# A fatal error has been detected by the Java Runtime Environment:
#
#  SIGSEGV (0xb) at pc=0x00007fe7401dc9fa, pid=15430, tid=0x00007fe707367700
#
# JRE version: OpenJDK Runtime Environment (8.0_181-b13) (build 1.8.0_181-8u181-b13-0ubuntu0.18.04.1-b13)
# Java VM: OpenJDK 64-Bit Server VM (25.181-b13 mixed mode linux-amd64 compressed oops)
# Problematic frame:
# v  ~BufferBlob::jni_fast_GetLongField
#
# Failed to write core dump. Core dumps have been disabled. To enable core dumping, try "ulimit -c unlimited" before starting Java again
#
# If you would like to submit a bug report, please visit:
#   http://bugreport.java.com/bugreport/crash.jsp
# The crash happened outside the Java Virtual Machine in native code.
# See problematic frame for where to report the bug.
#

---------------  T H R E A D  ---------------

Current thread (0x00007fe7502ec800):  JavaThread "AWT-XAWT" daemon [_thread_in_native, id=15451, stack(0x00007fe707267000,0x00007fe707368000)]

siginfo: si_signo: 11 (SIGSEGV), si_code: 1 (SEGV_MAPERR), si_addr: 0x0000000000000000

Registers:
RAX=0x00007fe755c5bf40, RBX=0x00007fe7502ec9e0, RCX=0x0000000000000000, RDX=0x0000000000000042
RSP=0x00007fe7073667c8, RBP=0x00007fe7073667f0, RSI=0x0000000000000000, RDI=0x00007fe7502ec9e0
R8 =0x00007fe738eca9b0, R9 =0x0000000000000000, R10=0x000000000000003a, R11=0x00007fe7406cbed8
R12=0x0000000000000000, R13=0x0000000000000000, R14=0x00007fe739623b00, R15=0x00007fe7502ec800
RIP=0x00007fe7401dc9fa, EFLAGS=0x0000000000010246, CSGSFS=0x002b000000000033, ERR=0x0000000000000004
  TRAPNO=0x000000000000000e

Top of Stack: (sp=0x00007fe7073667c8)
0x00007fe7073667c8:   00007fe739401d04 00007fe73c284428
0x00007fe7073667d8:   0000000000000000 00007fe7073668a0
0x00007fe7073667e8:   00007fe707366870 00007fe6e42352d0
0x00007fe7073667f8:   00007fe738ed2b1d 00007fe73c284428
0x00007fe707366808:   00007fe707366830 0000000000000000
0x00007fe707366818:   00007fe738eca9d3 00007fe7073668a0
0x00007fe707366828:   00007fe7393f9caf 00007fe707366880
0x00007fe707366838:   00007fe7406cbf76 0000000000000000
0x00007fe707366848:   00007fe7406411f6 00007fe7073668a0
0x00007fe707366858:   00007fe74028c8ec 00000000e1c52230
0x00007fe707366868:   00007fe740696db4 00000000e1bc05e8
0x00007fe707366878:   00000000e1bbf890 00007fe707366900
0x00007fe707366888:   00007fe74017a7d0 00007fe707366900
0x00007fe707366898:   00007fe74017a7d0 0000000000000000
0x00007fe7073668a8:   00007fe74017ab10 00007fe6f4003130
0x00007fe7073668b8:   00000000e1c52230 00007fe7073668c0
0x00007fe7073668c8:   00007fe73c26318c 00007fe707366948
0x00007fe7073668d8:   00007fe73c26c170 0000000000000000
0x00007fe7073668e8:   00007fe73c2632c8 00007fe7073668a0
0x00007fe7073668f8:   00007fe707366940 00007fe707366990
0x00007fe707366908:   00007fe74017affd 0000000000000000
0x00007fe707366918:   00000000e2d11750 0000000000000000
0x00007fe707366928:   0000000000000000 0000000000000000
0x00007fe707366938:   00000000e1c52230 0000000000000000
0x00007fe707366948:   00000000e1c00460 00007fe707366950
0x00007fe707366958:   00007fe73c262fcd 00007fe7073669a0
0x00007fe707366968:   00007fe73c26c170 0000000000000000
0x00007fe707366978:   00007fe73c262fd8 00007fe707366940
0x00007fe707366988:   00007fe7073669a0 00007fe7073669e8
0x00007fe707366998:   00007fe74017b042 00000000e1c00460
0x00007fe7073669a8:   00007fe7073669a8 00007fe73bd8f6cb
0x00007fe7073669b8:   00007fe7073669f8 00007fe73be17118 

Instructions: (pc=0x00007fe7401dc9fa)
0x00007fe7401dc9da:   00 00 00 00 00 00 44 8b 15 f5 c0 aa 15 4c 8b ce
0x00007fe7401dc9ea:   41 f6 c2 01 0f 85 2e 00 00 00 4d 33 ca 4d 33 ca
0x00007fe7401dc9fa:   4d 8b 09 4c 8b da 49 c1 eb 02 4b 8b 04 19 49 bb
0x00007fe7401dca0a:   dc 8a c8 55 e7 7f 00 00 4c 33 d8 4c 33 d8 45 3b 

Register to memory mapping:

RAX=0x00007fe755c5bf40: <offset 0xf37f40> in /usr/lib/jvm/java-8-openjdk-amd64/jre/lib/amd64/server/libjvm.so at 0x00007fe754d24000
RBX=0x00007fe7502ec9e0 is an unknown value
RCX=0x0000000000000000 is an unknown value
RDX=0x0000000000000042 is an unknown value
RSP=0x00007fe7073667c8 is pointing into the stack for thread: 0x00007fe7502ec800
RBP=0x00007fe7073667f0 is pointing into the stack for thread: 0x00007fe7502ec800
RSI=0x0000000000000000 is an unknown value
RDI=0x00007fe7502ec9e0 is an unknown value
R8 =0x00007fe738eca9b0: <offset 0x5c9b0> in /usr/lib/x86_64-linux-gnu/libX11.so.6 at 0x00007fe738e6e000
R9 =0x0000000000000000 is an unknown value
R10=0x000000000000003a is an unknown value
R11=0x00007fe7406cbed8 is at entry_point+24 in (nmethod*)0x00007fe7406cbd50
R12=0x0000000000000000 is an unknown value
R13=0x0000000000000000 is an unknown value
R14=0x00007fe739623b00: <offset 0x257b00> in /usr/lib/jvm/java-8-openjdk-amd64/jre/lib/amd64/libawt_xawt.so at 0x00007fe7393cc000
R15=0x00007fe7502ec800 is a thread


Stack: [0x00007fe707267000,0x00007fe707368000],  sp=0x00007fe7073667c8,  free space=1021k
Native frames: (J=compiled Java code, j=interpreted, Vv=VM code, C=native code)
v  ~BufferBlob::jni_fast_GetLongField
C  [libX11.so.6+0x64b1d]  _XimServerDestroy+0x3d

Java frames: (J=compiled Java code, j=interpreted, Vv=VM code)
J 1595  sun.awt.X11.XlibWrapper.XFilterEvent(JJ)Z (0 bytes) @ 0x00007fe7406cbf04 [0x00007fe7406cbec0+0x44]
j  sun.awt.X11.XToolkit.run(Z)V+300
j  sun.awt.X11.XToolkit.run()V+5
j  java.lang.Thread.run()V+11
v  ~StubRoutines::call_stub

---------------  P R O C E S S  ---------------

Java Threads: ( => current thread )
  0x00007fe6f8002000 JavaThread "XToolkt-Shutdown-Thread" [_thread_blocked, id=4557, stack(0x00007fe6dbcff000,0x00007fe6dbe00000)]
  0x00007fe71c003000 JavaThread "SIGTERM handler" daemon [_thread_blocked, id=4555, stack(0x00007fe6f007b000,0x00007fe6f017c000)]
  0x00007fe71c002000 JavaThread "SIGHUP handler" daemon [_thread_blocked, id=4553, stack(0x00007fe6f03e6000,0x00007fe6f04e7000)]
  0x00007fe71c001000 JavaThread "SIGHUP handler" daemon [_thread_blocked, id=4551, stack(0x00007fe70423d000,0x00007fe70433e000)]
  0x00007fe6e8003800 JavaThread "Thread-0" daemon [_thread_in_native, id=15456, stack(0x00007fe6f07ff000,0x00007fe6f0fff000)]
  0x00007fe6e40b2000 JavaThread "TimerQueue" daemon [_thread_blocked, id=15457, stack(0x00007fe70433e000,0x00007fe70443f000)]
  0x00007fe75000b800 JavaThread "DestroyJavaVM" [_thread_blocked, id=15435, stack(0x00007fe7569f4000,0x00007fe756af4000)]
  0x00007fe75035e800 JavaThread "AWT-EventQueue-1" [_thread_blocked, id=15455, stack(0x00007fe704730000,0x00007fe704831000)]
  0x00007fe7503bc800 JavaThread "AWT-Shutdown" [_thread_blocked, id=15454, stack(0x00007fe704831000,0x00007fe704932000)]
=>0x00007fe7502ec800 JavaThread "AWT-XAWT" daemon [_thread_in_native, id=15451, stack(0x00007fe707267000,0x00007fe707368000)]
  0x00007fe7502d3000 JavaThread "Java2D Disposer" daemon [_thread_blocked, id=15450, stack(0x00007fe707778000,0x00007fe707879000)]
  0x00007fe7500c1000 JavaThread "Service Thread" daemon [_thread_blocked, id=15447, stack(0x00007fe739a49000,0x00007fe739b4a000)]
  0x00007fe7500be000 JavaThread "C1 CompilerThread2" daemon [_thread_blocked, id=15446, stack(0x00007fe739b4b000,0x00007fe739c4b000)]
  0x00007fe7500bc000 JavaThread "C2 CompilerThread1" daemon [_thread_blocked, id=15445, stack(0x00007fe739c4c000,0x00007fe739d4c000)]
  0x00007fe7500b9000 JavaThread "C2 CompilerThread0" daemon [_thread_blocked, id=15444, stack(0x00007fe739d4d000,0x00007fe739e4d000)]
  0x00007fe7500b7800 JavaThread "Signal Dispatcher" daemon [_thread_blocked, id=15443, stack(0x00007fe739e4d000,0x00007fe739f4e000)]
  0x00007fe750085000 JavaThread "Finalizer" daemon [_thread_blocked, id=15442, stack(0x00007fe73a91d000,0x00007fe73aa1e000)]
  0x00007fe750080800 JavaThread "Reference Handler" daemon [_thread_blocked, id=15441, stack(0x00007fe73aa1e000,0x00007fe73ab1f000)]

Other Threads:
  0x00007fe750079000 VMThread [stack: 0x00007fe73ab20000,0x00007fe73ac20000] [id=15440]
  0x00007fe7500c3000 WatcherThread [stack: 0x00007fe739949000,0x00007fe739a49000] [id=15448]

VM state:not at safepoint (normal execution)

VM Mutex/Monitor currently owned by a thread: None

Heap:
 PSYoungGen      total 27648K, used 23936K [0x00000000e1900000, 0x00000000e3780000, 0x0000000100000000)
  eden space 24064K, 99% used [0x00000000e1900000,0x00000000e3060388,0x00000000e3080000)
  from space 3584K, 0% used [0x00000000e3400000,0x00000000e3400000,0x00000000e3780000)
  to   space 3584K, 0% used [0x00000000e3080000,0x00000000e3080000,0x00000000e3400000)
 ParOldGen       total 62976K, used 0K [0x00000000a4a00000, 0x00000000a8780000, 0x00000000e1900000)
  object space 62976K, 0% used [0x00000000a4a00000,0x00000000a4a00000,0x00000000a8780000)
 Metaspace       used 18357K, capacity 18706K, committed 19200K, reserved 1067008K
  class space    used 2311K, capacity 2434K, committed 2560K, reserved 1048576K

Card table byte_map: [0x00007fe73fad7000,0x00007fe73fdb3000] byte_map_base: 0x00007fe73f5b2000

Marking Bits: (ParMarkBitMap*) 0x00007fe755c881c0
 Begin Bits: [0x00007fe73c83c000, 0x00007fe73df14000)
 End Bits:   [0x00007fe73df14000, 0x00007fe73f5ec000)

Polling page: 0x00007fe756b09000

CodeCache: size=245760Kb used=5560Kb max_used=5567Kb free=240200Kb
 bounds [0x00007fe740173000, 0x00007fe7406f3000, 0x00007fe74f173000]
 total_blobs=2254 nmethods=1636 adapters=532
 compilation: enabled

Compilation events (10 events):
Event: 26256,740 Thread 0x00007fe7500be000 nmethod 1633 0x00007fe7406e1790 code [0x00007fe7406e1920, 0x00007fe7406e1dd0]
Event: 26256,740 Thread 0x00007fe7500be000 1632       3       java.util.WeakHashMap::size (18 bytes)
Event: 26256,741 Thread 0x00007fe7500b9000 nmethod 1635 0x00007fe7406e5590 code [0x00007fe7406e56e0, 0x00007fe7406e57b8]
Event: 26256,753 Thread 0x00007fe7500be000 nmethod 1632 0x00007fe7406e1390 code [0x00007fe7406e1500, 0x00007fe7406e16e8]
Event: 26256,754 Thread 0x00007fe7500be000 1634       1       sun.java2d.xr.XRVolatileSurfaceManager::isAccelerationEnabled (2 bytes)
Event: 26256,754 Thread 0x00007fe7500be000 nmethod 1634 0x00007fe7406e10d0 code [0x00007fe7406e1220, 0x00007fe7406e1330]
Event: 26263,649 Thread 0x00007fe7500be000 1636       3       sun.awt.XSettings$Update::getCARD8 (31 bytes)
Event: 26263,649 Thread 0x00007fe7500be000 nmethod 1636 0x00007fe7406e0c90 code [0x00007fe7406e0e00, 0x00007fe7406e0fc8]
Event: 26263,649 Thread 0x00007fe7500be000 1637       3       sun.awt.XSettings$Update::getCARD32 (10 bytes)
Event: 26263,649 Thread 0x00007fe7500be000 nmethod 1637 0x00007fe7406e08d0 code [0x00007fe7406e0a40, 0x00007fe7406e0be8]

GC Heap History (0 events):
No events

Deoptimization events (10 events):
Event: 0,905 Thread 0x00007fe75035e800 Uncommon trap: reason=class_check action=maybe_recompile pc=0x00007fe74036511c method=java.util.HashMap.putVal(ILjava/lang/Object;Ljava/lang/Object;ZZ)Ljava/lang/Object; @ 253
Event: 0,905 Thread 0x00007fe75035e800 Uncommon trap: reason=class_check action=maybe_recompile pc=0x00007fe74036511c method=java.util.HashMap.putVal(ILjava/lang/Object;Ljava/lang/Object;ZZ)Ljava/lang/Object; @ 253
Event: 0,905 Thread 0x00007fe75035e800 Uncommon trap: reason=class_check action=maybe_recompile pc=0x00007fe74036511c method=java.util.HashMap.putVal(ILjava/lang/Object;Ljava/lang/Object;ZZ)Ljava/lang/Object; @ 253
Event: 0,925 Thread 0x00007fe75035e800 Uncommon trap: reason=unstable_if action=reinterpret pc=0x00007fe7404969c4 method=java.util.HashMap.putVal(ILjava/lang/Object;Ljava/lang/Object;ZZ)Ljava/lang/Object; @ 109
Event: 0,931 Thread 0x00007fe75035e800 Uncommon trap: reason=null_check action=make_not_entrant pc=0x00007fe7404030ac method=javax.swing.plaf.nimbus.DerivedColor.equals(Ljava/lang/Object;)Z @ 8
Event: 1,106 Thread 0x00007fe75035e800 Uncommon trap: reason=unstable_if action=reinterpret pc=0x00007fe7404f3aa0 method=java.lang.CharacterData.of(I)Ljava/lang/CharacterData; @ 4
Event: 1,200 Thread 0x00007fe75035e800 Uncommon trap: reason=unstable_if action=reinterpret pc=0x00007fe740456368 method=sun.util.calendar.BaseCalendar.getFixedDate(IIILsun/util/calendar/BaseCalendar$Date;)J @ 67
Event: 1,244 Thread 0x00007fe75035e800 Uncommon trap: reason=unstable_if action=reinterpret pc=0x00007fe7403a86a0 method=java.lang.String.indexOf([CII[CIII)I @ 3
Event: 1,352 Thread 0x00007fe7502ec800 Uncommon trap: reason=unstable_if action=reinterpret pc=0x00007fe7404aee68 method=sun.awt.SunToolkit.getAppContext(Ljava/lang/Object;)Lsun/awt/AppContext; @ 4
Event: 1,376 Thread 0x00007fe75035e800 Uncommon trap: reason=unstable_if action=reinterpret pc=0x00007fe7405850e8 method=javax.swing.JComponent.getClientProperty(Ljava/lang/Object;)Ljava/lang/Object; @ 16

Classes redefined (0 events):
No events

Internal exceptions (10 events):
Event: 0,603 Thread 0x00007fe75000b800 Exception <a 'java/lang/ClassNotFoundException': ToolTip> (0x00000000e1e71068) thrown at [/build/openjdk-8-8iINie/openjdk-8-8u181-b13/src/hotspot/src/share/vm/classfile/systemDictionary.cpp, line 210]
Event: 0,604 Thread 0x00007fe75000b800 Exception <a 'java/lang/ClassNotFoundException': Tree> (0x00000000e1e71c88) thrown at [/build/openjdk-8-8iINie/openjdk-8-8u181-b13/src/hotspot/src/share/vm/classfile/systemDictionary.cpp, line 210]
Event: 0,604 Thread 0x00007fe75000b800 Exception <a 'java/lang/ClassNotFoundException': Tree> (0x00000000e1e723c8) thrown at [/build/openjdk-8-8iINie/openjdk-8-8u181-b13/src/hotspot/src/share/vm/classfile/systemDictionary.cpp, line 210]
Event: 0,604 Thread 0x00007fe75000b800 Exception <a 'java/lang/ClassNotFoundException': javax/swing/JTreeCell> (0x00000000e1e72748) thrown at [/build/openjdk-8-8iINie/openjdk-8-8u181-b13/src/hotspot/src/share/vm/classfile/systemDictionary.cpp, line 210]
Event: 0,604 Thread 0x00007fe75000b800 Exception <a 'java/lang/ClassNotFoundException': TreeCell> (0x00000000e1e72bd0) thrown at [/build/openjdk-8-8iINie/openjdk-8-8u181-b13/src/hotspot/src/share/vm/classfile/systemDictionary.cpp, line 210]
Event: 0,604 Thread 0x00007fe75000b800 Exception <a 'java/lang/ClassNotFoundException': RootPane> (0x00000000e1e73588) thrown at [/build/openjdk-8-8iINie/openjdk-8-8u181-b13/src/hotspot/src/share/vm/classfile/systemDictionary.cpp, line 210]
Event: 0,931 Thread 0x00007fe75035e800 Implicit null exception at 0x00007fe740402d7b to 0x00007fe74040309d
Event: 1,438 Thread 0x00007fe75035e800 Exception <a 'java/lang/UnsupportedOperationException': > (0x00000000e2e31e38) thrown at [/build/openjdk-8-8iINie/openjdk-8-8u181-b13/src/hotspot/src/share/vm/prims/jni.cpp, line 735]
Event: 4,615 Thread 0x00007fe75035e800 Exception <a 'java/lang/NullPointerException'> (0x00000000e2e63a50) thrown at [/build/openjdk-8-8iINie/openjdk-8-8u181-b13/src/hotspot/src/share/vm/interpreter/linkResolver.cpp, line 1287]
Event: 4,615 Thread 0x00007fe75035e800 Exception <a 'java/lang/NullPointerException'> (0x00000000e2e63a50) thrown at [/build/openjdk-8-8iINie/openjdk-8-8u181-b13/src/hotspot/src/share/vm/prims/jvm.cpp, line 1439]

Events (10 events):
Event: 6761,811 loading class sun/awt/image/BufImgSurfaceData$ICMColorData
Event: 6761,811 loading class sun/awt/image/BufImgSurfaceData$ICMColorData done
Event: 6761,884 loading class javax/swing/RepaintManager$DisplayChangedRunnable
Event: 6762,849 loading class javax/swing/RepaintManager$DisplayChangedRunnable done
Event: 6800,753 loading class sun/awt/X11/XAWTXSettings$1
Event: 6801,278 loading class sun/awt/X11/XAWTXSettings$1 done
Event: 13993,596 loading class sun/awt/X11/XkbEvent
Event: 13994,015 loading class sun/awt/X11/XkbEvent done
Event: 13994,126 loading class sun/awt/X11/XkbAnyEvent
Event: 13994,279 loading class sun/awt/X11/XkbAnyEvent done


Dynamic libraries:
a4a00000-a8780000 rw-p 00000000 00:00 0 
a8780000-e1900000 ---p 00000000 00:00 0 
e1900000-e3780000 rw-p 00000000 00:00 0 
e3780000-100000000 ---p 00000000 00:00 0 
100000000-100280000 rw-p 00000000 00:00 0 
100280000-140000000 ---p 00000000 00:00 0 
5623fa6bf000-5623fa6c0000 r-xp 00000000 08:04 4068926                    /usr/lib/jvm/java-8-openjdk-amd64/jre/bin/java
5623fa8bf000-5623fa8c0000 r--p 00000000 08:04 4068926                    /usr/lib/jvm/java-8-openjdk-amd64/jre/bin/java
5623fa8c0000-5623fa8c1000 rw-p 00001000 08:04 4068926                    /usr/lib/jvm/java-8-openjdk-amd64/jre/bin/java
5623fc05f000-5623fc080000 rw-p 00000000 00:00 0                          [heap]
7fe6cc000000-7fe6cc021000 rw-p 00000000 00:00 0 
7fe6cc021000-7fe6d0000000 ---p 00000000 00:00 0 
7fe6d4000000-7fe6d4021000 rw-p 00000000 00:00 0 
7fe6d4021000-7fe6d8000000 ---p 00000000 00:00 0 
7fe6dbcff000-7fe6dbd02000 ---p 00000000 00:00 0 
7fe6dbd02000-7fe6dbe40000 rw-p 00000000 00:00 0 
7fe6dbe40000-7fe6dc000000 ---p 00000000 00:00 0 
7fe6dc000000-7fe6dc021000 rw-p 00000000 00:00 0 
7fe6dc021000-7fe6e0000000 ---p 00000000 00:00 0 
7fe6e0000000-7fe6e0021000 rw-p 00000000 00:00 0 
7fe6e0021000-7fe6e4000000 ---p 00000000 00:00 0 
7fe6e4000000-7fe6e423b000 rw-p 00000000 00:00 0 
7fe6e423b000-7fe6e8000000 ---p 00000000 00:00 0 
7fe6e8000000-7fe6e8021000 rw-p 00000000 00:00 0 
7fe6e8021000-7fe6ec000000 ---p 00000000 00:00 0 
7fe6ec000000-7fe6ec021000 rw-p 00000000 00:00 0 
7fe6ec021000-7fe6f0000000 ---p 00000000 00:00 0 
7fe6f007b000-7fe6f007e000 ---p 00000000 00:00 0 
7fe6f007e000-7fe6f037c000 rw-p 00000000 00:00 0 
7fe6f037c000-7fe6f0387000 r--s 00000000 08:04 925190                     /var/cache/fontconfig/945677eb7aeaf62f1d50efc3fb3ec7d8-le64.cache-7
7fe6f03e6000-7fe6f03e9000 ---p 00000000 00:00 0 
7fe6f03e9000-7fe6f04e7000 rw-p 00000000 00:00 0 
7fe6f04e7000-7fe6f04ec000 r--s 0009d000 08:04 4069031                    /usr/lib/jvm/java-8-openjdk-amd64/jre/lib/jsse.jar
7fe6f04ec000-7fe6f0504000 r--s 00000000 08:04 524342                     /usr/share/fonts/type1/gsfonts/c059036l.pfb
7fe6f0504000-7fe6f0520000 r--s 00000000 08:04 524405                     /usr/share/fonts/type1/gsfonts/p052024l.pfb
7fe6f0520000-7fe6f0529000 r--s 00000000 08:04 524408                     /usr/share/fonts/type1/gsfonts/s050000l.pfb
7fe6f0529000-7fe6f053f000 r--s 00000000 08:04 524390                     /usr/share/fonts/type1/gsfonts/n022023l.pfb
7fe6f053f000-7fe6f055a000 r--s 00000000 08:04 524402                     /usr/share/fonts/type1/gsfonts/p052023l.pfb
7fe6f055a000-7fe6f0573000 r--s 00000000 08:04 524375                     /usr/share/fonts/type1/gsfonts/n021004l.pfb
7fe6f0573000-7fe6f0584000 r--s 00000000 08:04 524354                     /usr/share/fonts/type1/gsfonts/n019023l.pfb
7fe6f0584000-7fe6f059b000 r--s 00000000 08:04 524378                     /usr/share/fonts/type1/gsfonts/n021023l.pfb
7fe6f059b000-7fe6f05b1000 r--s 00000000 08:04 524381                     /usr/share/fonts/type1/gsfonts/n021024l.pfb
7fe6f05b1000-7fe6f05c3000 r--s 00000000 08:04 524360                     /usr/share/fonts/type1/gsfonts/n019043l.pfb
7fe6f05c3000-7fe6f05dd000 r--s 00000000 08:04 524333                     /usr/share/fonts/type1/gsfonts/c059013l.pfb
7fe6f05dd000-7fe6f05f3000 r--s 00000000 08:04 524393                     /usr/share/fonts/type1/gsfonts/n022024l.pfb
7fe6f05f3000-7fe6f0603000 r--s 00000000 08:04 524309                     /usr/share/fonts/type1/gsfonts/a010013l.pfb
7fe6f0603000-7fe6f0613000 r--s 00000000 08:04 524315                     /usr/share/fonts/type1/gsfonts/a010033l.pfb
7fe6f0613000-7fe6f0623000 r--s 00000000 08:04 524312                     /usr/share/fonts/type1/gsfonts/a010015l.pfb
7fe6f0623000-7fe6f0638000 r--s 00000000 08:04 524327                     /usr/share/fonts/type1/gsfonts/b018032l.pfb
7fe6f0638000-7fe6f064b000 r--s 00000000 08:04 524324                     /usr/share/fonts/type1/gsfonts/b018015l.pfb
7fe6f064b000-7fe6f0662000 r--s 00000000 08:04 524411                     /usr/share/fonts/type1/gsfonts/z003034l.pfb
7fe6f0662000-7fe6f0674000 r--s 00000000 08:04 524363                     /usr/share/fonts/type1/gsfonts/n019044l.pfb
7fe6f0674000-7fe6f0687000 r--s 00000000 08:04 524369                     /usr/share/fonts/type1/gsfonts/n019064l.pfb
7fe6f0687000-7fe6f0698000 r--s 00000000 08:04 524366                     /usr/share/fonts/type1/gsfonts/n019063l.pfb
7fe6f0698000-7fe6f06b1000 r--s 00000000 08:04 524321                     /usr/share/fonts/type1/gsfonts/b018012l.pfb
7fe6f06b1000-7fe6f06cc000 r--s 00000000 08:04 524399                     /usr/share/fonts/type1/gsfonts/p052004l.pfb
7fe6f06cc000-7fe6f06e7000 r--s 00000000 08:04 524396                     /usr/share/fonts/type1/gsfonts/p052003l.pfb
7fe6f06e7000-7fe6f06fb000 r--s 00000000 08:04 524348                     /usr/share/fonts/type1/gsfonts/n019003l.pfb
7fe6f06fb000-7fe6f0707000 r--s 00000000 08:04 524345                     /usr/share/fonts/type1/gsfonts/d050000l.pfb
7fe6f0707000-7fe6f0718000 r--s 00000000 08:04 524318                     /usr/share/fonts/type1/gsfonts/a010035l.pfb
7fe6f0718000-7fe6f0731000 r--s 00000000 08:04 524387                     /usr/share/fonts/type1/gsfonts/n022004l.pfb
7fe6f0731000-7fe6f0749000 r--s 00000000 08:04 524339                     /usr/share/fonts/type1/gsfonts/c059033l.pfb
7fe6f0749000-7fe6f0764000 r--s 00000000 08:04 524336                     /usr/share/fonts/type1/gsfonts/c059016l.pfb
7fe6f0764000-7fe6f0776000 r--s 00000000 08:04 524351                     /usr/share/fonts/type1/gsfonts/n019004l.pfb
7fe6f0776000-7fe6f078f000 r--s 00000000 08:04 524372                     /usr/share/fonts/type1/gsfonts/n021003l.pfb
7fe6f078f000-7fe6f07a1000 r--s 00000000 08:04 524330                     /usr/share/fonts/type1/gsfonts/b018035l.pfb
7fe6f07a1000-7fe6f07b2000 r--s 00000000 08:04 524357                     /usr/share/fonts/type1/gsfonts/n019024l.pfb
7fe6f07b2000-7fe6f07bc000 r--s 00000000 08:04 395990                     /usr/share/fonts/X11/Type1/c0419bt_.pfb
7fe6f07bc000-7fe6f07c6000 r--s 00000000 08:04 395994                     /usr/share/fonts/X11/Type1/c0583bt_.pfb
7fe6f07c6000-7fe6f07cf000 r--s 00000000 08:04 396002                     /usr/share/fonts/X11/Type1/c0648bt_.pfb
7fe6f07cf000-7fe6f07d8000 r--s 00000000 08:04 396004                     /usr/share/fonts/X11/Type1/c0649bt_.pfb
7fe6f07d8000-7fe6f07e2000 r--s 00000000 08:04 395992                     /usr/share/fonts/X11/Type1/c0582bt_.pfb
7fe6f07e2000-7fe6f07ec000 r--s 00000000 08:04 395996                     /usr/share/fonts/X11/Type1/c0611bt_.pfb
7fe6f07ec000-7fe6f07f5000 r--s 00000000 08:04 396000                     /usr/share/fonts/X11/Type1/c0633bt_.pfb
7fe6f07f5000-7fe6f07fe000 r--s 00000000 08:04 395998                     /usr/share/fonts/X11/Type1/c0632bt_.pfb
7fe6f07fe000-7fe6f07ff000 ---p 00000000 00:00 0 
7fe6f07ff000-7fe6f0802000 ---p 00000000 00:00 0 
7fe6f0802000-7fe6f4000000 rw-p 00000000 00:00 0 
7fe6f4000000-7fe6f4021000 rw-p 00000000 00:00 0 
7fe6f4021000-7fe6f8000000 ---p 00000000 00:00 0 
7fe6f8000000-7fe6f8021000 rw-p 00000000 00:00 0 
7fe6f8021000-7fe6fc000000 ---p 00000000 00:00 0 
7fe6fc000000-7fe6fc021000 rw-p 00000000 00:00 0 
7fe6fc021000-7fe700000000 ---p 00000000 00:00 0 
7fe700000000-7fe700021000 rw-p 00000000 00:00 0 
7fe700021000-7fe704000000 ---p 00000000 00:00 0 
7fe704002000-7fe704003000 r--s 00000000 08:04 927131                     /var/cache/fontconfig/087e1975ba9a574b140bb1df193bf770-le64.cache-7
7fe704003000-7fe704008000 r--s 00000000 08:04 925161                     /var/cache/fontconfig/2300eef321c393bfd76478a5c0e95b23-le64.cache-7
7fe704008000-7fe704009000 r--s 00000000 08:04 925154                     /var/cache/fontconfig/0d8c3b2ac0904cb8a57a757ad11a4a08-le64.cache-7
7fe704009000-7fe70401e000 r--s 00000000 08:04 925150                     /var/cache/fontconfig/04aabc0a78ac019cf9454389977116d2-le64.cache-7
7fe70401e000-7fe70401f000 r--s 00000000 08:04 925158                     /var/cache/fontconfig/1ac9eb803944fde146138c791f5cc56a-le64.cache-7
7fe70401f000-7fe704020000 r--s 00000000 08:04 925209                     /var/cache/fontconfig/dc05db6664285cc2f12bf69c139ae4c3-le64.cache-7
7fe704020000-7fe704022000 r--s 00000000 08:04 925155                     /var/cache/fontconfig/14a5e22175779b556eaa434240950366-le64.cache-7
7fe704022000-7fe704023000 r--s 00000000 08:04 925182                     /var/cache/fontconfig/660208299946a285a940457d1287da33-le64.cache-7
7fe704023000-7fe704025000 r--s 00000000 08:04 925173                     /var/cache/fontconfig/4f3e3037c9980c83b53a9351efadef62-le64.cache-7
7fe704025000-7fe704027000 r--s 00000000 08:04 925187                     /var/cache/fontconfig/767a8244fc0220cfb567a839d0392e0b-le64.cache-7
7fe704027000-7fe704028000 r--s 00000000 08:04 920903                     /var/cache/fontconfig/4794a0821666d79190d59a36cb4f44b5-le64.cache-7
7fe704028000-7fe70402d000 r--s 00000000 08:04 927130                     /var/cache/fontconfig/bbd3eebb6912613e2596f2fd46535a95-le64.cache-7
7fe70402d000-7fe70402f000 r--s 00000000 08:04 925152                     /var/cache/fontconfig/0bd3dc0958fa2205aaaa8ebb13e2872b-le64.cache-7
7fe70402f000-7fe704034000 r--s 00000000 08:04 925210                     /var/cache/fontconfig/def309198bfa603429122923fa2bb2d4-le64.cache-7
7fe704034000-7fe704035000 r--s 00000000 08:04 925198                     /var/cache/fontconfig/b872e6e592da6075ffa4ab0a1fcc0c75-le64.cache-7
7fe704035000-7fe704036000 r--s 00000000 08:04 925215                     /var/cache/fontconfig/f6d4eedfaab2589bde49f7a3ff831d22-le64.cache-7
7fe704036000-7fe704037000 r--s 00000000 08:04 925180                     /var/cache/fontconfig/589f83ef4c36d296ce6e1c846f468f08-le64.cache-7
7fe704037000-7fe704038000 r--s 00000000 08:04 925200                     /var/cache/fontconfig/bab58bb527bb656aaa9f116d68a48d89-le64.cache-7
7fe704038000-7fe704039000 r--s 00000000 08:04 925159                     /var/cache/fontconfig/2171a34dccabdb6bcbbc728186263178-le64.cache-7
7fe704039000-7fe70403a000 r--s 00000000 08:04 925201                     /var/cache/fontconfig/c5c45a61289222e0d30b1a26ef4effbe-le64.cache-7
7fe70403a000-7fe70403b000 r--s 00000000 08:04 925196                     /var/cache/fontconfig/aec30016f93e1b46d1a973dce0d74068-le64.cache-7
7fe70403b000-7fe70403c000 r--s 00000000 08:04 925166                     /var/cache/fontconfig/3f589640d34b7dc9042c8d453f7c8b9c-le64.cache-7
7fe70403c000-7fe70403d000 r--s 00000000 08:04 925156                     /var/cache/fontconfig/16c2fda60d1b4b719f4b3d06fd951d25-le64.cache-7
7fe70403d000-7fe70423d000 rw-p 00000000 00:00 0 
7fe70423d000-7fe704240000 ---p 00000000 00:00 0 
7fe704240000-7fe70433e000 rw-p 00000000 00:00 0 
7fe70433e000-7fe704341000 ---p 00000000 00:00 0 
7fe704341000-7fe70463f000 rw-p 00000000 00:00 0 
7fe70463f000-7fe704640000 r--s 00000000 08:04 927131                     /var/cache/fontconfig/087e1975ba9a574b140bb1df193bf770-le64.cache-7
7fe704640000-7fe70464b000 r--s 00000000 08:04 925190                     /var/cache/fontconfig/945677eb7aeaf62f1d50efc3fb3ec7d8-le64.cache-7
7fe70464b000-7fe704650000 r--s 00000000 08:04 925161                     /var/cache/fontconfig/2300eef321c393bfd76478a5c0e95b23-le64.cache-7
7fe704650000-7fe704651000 r--s 00000000 08:04 925154                     /var/cache/fontconfig/0d8c3b2ac0904cb8a57a757ad11a4a08-le64.cache-7
7fe704651000-7fe704666000 r--s 00000000 08:04 925150                     /var/cache/fontconfig/04aabc0a78ac019cf9454389977116d2-le64.cache-7
7fe704666000-7fe704667000 r--s 00000000 08:04 925158                     /var/cache/fontconfig/1ac9eb803944fde146138c791f5cc56a-le64.cache-7
7fe704667000-7fe704668000 r--s 00000000 08:04 925209                     /var/cache/fontconfig/dc05db6664285cc2f12bf69c139ae4c3-le64.cache-7
7fe704668000-7fe70466a000 r--s 00000000 08:04 925155                     /var/cache/fontconfig/14a5e22175779b556eaa434240950366-le64.cache-7
7fe70466a000-7fe70466b000 r--s 00000000 08:04 925182                     /var/cache/fontconfig/660208299946a285a940457d1287da33-le64.cache-7
7fe70466b000-7fe70466d000 r--s 00000000 08:04 925173                     /var/cache/fontconfig/4f3e3037c9980c83b53a9351efadef62-le64.cache-7
7fe70466d000-7fe70466f000 r--s 00000000 08:04 925187                     /var/cache/fontconfig/767a8244fc0220cfb567a839d0392e0b-le64.cache-7
7fe70466f000-7fe704670000 r--s 00000000 08:04 920903                     /var/cache/fontconfig/4794a0821666d79190d59a36cb4f44b5-le64.cache-7
7fe704670000-7fe704675000 r--s 00000000 08:04 927130                     /var/cache/fontconfig/bbd3eebb6912613e2596f2fd46535a95-le64.cache-7
7fe704675000-7fe704677000 r--s 00000000 08:04 925152                     /var/cache/fontconfig/0bd3dc0958fa2205aaaa8ebb13e2872b-le64.cache-7
7fe704677000-7fe70467c000 r--s 00000000 08:04 925210                     /var/cache/fontconfig/def309198bfa603429122923fa2bb2d4-le64.cache-7
7fe70467c000-7fe70467d000 r--s 00000000 08:04 925198                     /var/cache/fontconfig/b872e6e592da6075ffa4ab0a1fcc0c75-le64.cache-7
7fe70467d000-7fe70467e000 r--s 00000000 08:04 925215                     /var/cache/fontconfig/f6d4eedfaab2589bde49f7a3ff831d22-le64.cache-7
7fe70467e000-7fe70467f000 r--s 00000000 08:04 925180                     /var/cache/fontconfig/589f83ef4c36d296ce6e1c846f468f08-le64.cache-7
7fe70467f000-7fe704680000 r--s 00000000 08:04 925200                     /var/cache/fontconfig/bab58bb527bb656aaa9f116d68a48d89-le64.cache-7
7fe704680000-7fe704681000 r--s 00000000 08:04 925159                     /var/cache/fontconfig/2171a34dccabdb6bcbbc728186263178-le64.cache-7
7fe704681000-7fe704682000 r--s 00000000 08:04 925201                     /var/cache/fontconfig/c5c45a61289222e0d30b1a26ef4effbe-le64.cache-7
7fe704682000-7fe704683000 r--s 00000000 08:04 925196                     /var/cache/fontconfig/aec30016f93e1b46d1a973dce0d74068-le64.cache-7
7fe704683000-7fe704684000 r--s 00000000 08:04 925166                     /var/cache/fontconfig/3f589640d34b7dc9042c8d453f7c8b9c-le64.cache-7
7fe704684000-7fe704685000 r--s 00000000 08:04 925156                     /var/cache/fontconfig/16c2fda60d1b4b719f4b3d06fd951d25-le64.cache-7
7fe704685000-7fe704686000 r--s 00000000 08:04 925195                     /var/cache/fontconfig/a48eab177a16e4f3713381162db2f3e9-le64.cache-7
7fe704686000-7fe704687000 r--s 00000000 08:04 925176                     /var/cache/fontconfig/564b2e68ac9bc4e36a6f7f6d6125ec1c-le64.cache-7
7fe704687000-7fe70468c000 r--s 00000000 08:04 920902                     /var/cache/fontconfig/9d2451b1fd30e5bffe8383fd27c35478-le64.cache-7
7fe70468c000-7fe704692000 r--s 00000000 08:04 920901                     /var/cache/fontconfig/3047814df9a2f067bd2d96a2b9c36e5a-le64.cache-7
7fe704692000-7fe704693000 r--s 00000000 08:04 925177                     /var/cache/fontconfig/56cf4f4769d0f4abc89a4895d7bd3ae1-le64.cache-7
7fe704693000-7fe704694000 r--s 00000000 08:04 925199                     /var/cache/fontconfig/b9d506c9ac06c20b433354fa67a72993-le64.cache-7
7fe704694000-7fe70469a000 r--s 00000000 08:04 925197                     /var/cache/fontconfig/b47c4e1ecd0709278f4910c18777a504-le64.cache-7
7fe70469a000-7fe7046ad000 r--s 00000000 08:04 925206                     /var/cache/fontconfig/d52a8644073d54c13679302ca1180695-le64.cache-7
7fe7046ad000-7fe7046ae000 r--s 00000000 08:04 925164                     /var/cache/fontconfig/370e5b74bf5dafc30834de68e24a87a4-le64.cache-7
7fe7046ae000-7fe7046af000 r--s 00000000 08:04 925185                     /var/cache/fontconfig/6b2c5944714ca7831b25bed9e85cb5c8-le64.cache-7
7fe7046af000-7fe7046bb000 r--s 00000000 08:04 926603                     /var/cache/fontconfig/d589a48862398ed80a3d6066f4f56f4c-le64.cache-7
7fe7046bb000-7fe7046bc000 r--s 00000000 08:04 925195                     /var/cache/fontconfig/a48eab177a16e4f3713381162db2f3e9-le64.cache-7
7fe7046bc000-7fe7046bd000 r--s 00000000 08:04 925176                     /var/cache/fontconfig/564b2e68ac9bc4e36a6f7f6d6125ec1c-le64.cache-7
7fe7046bd000-7fe7046c2000 r--s 00000000 08:04 920902                     /var/cache/fontconfig/9d2451b1fd30e5bffe8383fd27c35478-le64.cache-7
7fe7046c2000-7fe7046c8000 r--s 00000000 08:04 920901                     /var/cache/fontconfig/3047814df9a2f067bd2d96a2b9c36e5a-le64.cache-7
7fe7046c8000-7fe7046c9000 r--s 00000000 08:04 925177                     /var/cache/fontconfig/56cf4f4769d0f4abc89a4895d7bd3ae1-le64.cache-7
7fe7046c9000-7fe7046ca000 r--s 00000000 08:04 925199                     /var/cache/fontconfig/b9d506c9ac06c20b433354fa67a72993-le64.cache-7
7fe7046ca000-7fe7046d0000 r--s 00000000 08:04 925197                     /var/cache/fontconfig/b47c4e1ecd0709278f4910c18777a504-le64.cache-7
7fe7046d0000-7fe7046e3000 r--s 00000000 08:04 925206                     /var/cache/fontconfig/d52a8644073d54c13679302ca1180695-le64.cache-7
7fe7046e3000-7fe7046e4000 r--s 00000000 08:04 925164                     /var/cache/fontconfig/370e5b74bf5dafc30834de68e24a87a4-le64.cache-7
7fe7046e4000-7fe7046e5000 r--s 00000000 08:04 925185                     /var/cache/fontconfig/6b2c5944714ca7831b25bed9e85cb5c8-le64.cache-7
7fe7046e5000-7fe7046e6000 r--s 00000000 08:04 925205                     /var/cache/fontconfig/d5178ab6d91b49bf20a416737dcea9e8-le64.cache-7
7fe7046e6000-7fe7046e7000 r--s 00000000 08:04 925175                     /var/cache/fontconfig/551ecf3b0e8b0bca0f25c0944f561853-le64.cache-7
7fe7046e7000-7fe7046ea000 r--s 00000000 08:04 925214                     /var/cache/fontconfig/f259c2cffa685e28062317905db73c4a-le64.cache-7
7fe7046ea000-7fe7046ec000 r--s 00000000 08:04 925174                     /var/cache/fontconfig/550f3886151c940c12a5ed35f6a00586-le64.cache-7
7fe7046ec000-7fe7046ef000 r--s 00000000 08:04 925183                     /var/cache/fontconfig/674d1711f2d1d2a09646eb0bdcadee49-le64.cache-7
7fe7046ef000-7fe7046f0000 r--s 00000000 08:04 927129                     /var/cache/fontconfig/8a687c406b77f27d99abfeeba937fcce-le64.cache-7
7fe7046f0000-7fe7046f1000 r--s 00000000 08:04 925167                     /var/cache/fontconfig/3f7329c5293ffd510edef78f73874cfd-le64.cache-7
7fe7046f1000-7fe7046fd000 r--s 00000000 08:04 926603                     /var/cache/fontconfig/d589a48862398ed80a3d6066f4f56f4c-le64.cache-7
7fe7046fd000-7fe7046fe000 r--s 00000000 08:04 925153                     /var/cache/fontconfig/0c9eb80ebd1c36541ebe2852d3bb0c49-le64.cache-7
7fe7046fe000-7fe7046ff000 r--s 00000000 08:04 925160                     /var/cache/fontconfig/22368d551a680bfe5a62c02760edf4ea-le64.cache-7
7fe7046ff000-7fe704700000 r--s 00000000 08:04 925172                     /var/cache/fontconfig/4d9c95eba1cb85bbcf2878543262124a-le64.cache-7
7fe704700000-7fe704701000 r--s 00000000 08:04 925189                     /var/cache/fontconfig/85e0a52ce643a7ba2ae53e5d6949cead-le64.cache-7
7fe704701000-7fe704702000 r--s 00000000 08:04 925169                     /var/cache/fontconfig/49f0de54bdd920fe4f0dfd4cbac43e6b-le64.cache-7
7fe704702000-7fe704703000 r--s 00000000 08:04 925216                     /var/cache/fontconfig/f6e6e0a5c3d2f6ae0c0c2e0ecd42a997-le64.cache-7
7fe704703000-7fe704704000 r--s 00000000 08:04 925170                     /var/cache/fontconfig/4b2eda6bb976bda485cb2176619421d5-le64.cache-7
7fe704704000-7fe704712000 r--s 00000000 08:04 925192                     /var/cache/fontconfig/9b89f8e3dae116d678bbf48e5f21f69b-le64.cache-7
7fe704712000-7fe704714000 r--s 00000000 08:04 925184                     /var/cache/fontconfig/6afa1bb216ce958c1589e297e8008489-le64.cache-7
7fe704714000-7fe704715000 r--s 00000000 08:04 926905                     /var/cache/fontconfig/c277e94e32b20404286a1ddafa5a80f0-le64.cache-7
7fe704715000-7fe704718000 r--s 00000000 08:04 925211                     /var/cache/fontconfig/e13b20fdb08344e0e664864cc2ede53d-le64.cache-7
7fe704718000-7fe704730000 r--s 00000000 08:04 524384                     /usr/share/fonts/type1/gsfonts/n022003l.pfb
7fe704730000-7fe704733000 ---p 00000000 00:00 0 
7fe704733000-7fe704831000 rw-p 00000000 00:00 0 
7fe704831000-7fe704834000 ---p 00000000 00:00 0 
7fe704834000-7fe704b32000 rw-p 00000000 00:00 0 
7fe704b32000-7fe704b3b000 r-xp 00000000 08:04 4068968                    /usr/lib/jvm/java-8-openjdk-amd64/jre/lib/amd64/libmanagement.so
7fe704b3b000-7fe704d3a000 ---p 00009000 08:04 4068968                    /usr/lib/jvm/java-8-openjdk-amd64/jre/lib/amd64/libmanagement.so
7fe704d3a000-7fe704d3b000 r--p 00008000 08:04 4068968                    /usr/lib/jvm/java-8-openjdk-amd64/jre/lib/amd64/libmanagement.so
7fe704d3b000-7fe704d3c000 rw-p 00009000 08:04 4068968                    /usr/lib/jvm/java-8-openjdk-amd64/jre/lib/amd64/libmanagement.so
7fe704d3c000-7fe704d50000 r-xp 00000000 08:04 4592565                    /lib/x86_64-linux-gnu/libgpg-error.so.0.22.0
7fe704d50000-7fe704f4f000 ---p 00014000 08:04 4592565                    /lib/x86_64-linux-gnu/libgpg-error.so.0.22.0
7fe704f4f000-7fe704f50000 r--p 00013000 08:04 4592565                    /lib/x86_64-linux-gnu/libgpg-error.so.0.22.0
7fe704f50000-7fe704f51000 rw-p 00014000 08:04 4592565                    /lib/x86_64-linux-gnu/libgpg-error.so.0.22.0
7fe704f51000-7fe705065000 r-xp 00000000 08:04 4592563                    /lib/x86_64-linux-gnu/libgcrypt.so.20.2.1
7fe705065000-7fe705264000 ---p 00114000 08:04 4592563                    /lib/x86_64-linux-gnu/libgcrypt.so.20.2.1
7fe705264000-7fe705266000 r--p 00113000 08:04 4592563                    /lib/x86_64-linux-gnu/libgcrypt.so.20.2.1
7fe705266000-7fe70526b000 rw-p 00115000 08:04 4592563                    /lib/x86_64-linux-gnu/libgcrypt.so.20.2.1
7fe70526b000-7fe70526c000 rw-p 00000000 00:00 0 
7fe70526c000-7fe705287000 r-xp 00000000 08:04 4072524                    /usr/lib/x86_64-linux-gnu/liblz4.so.1.7.1
7fe705287000-7fe705486000 ---p 0001b000 08:04 4072524                    /usr/lib/x86_64-linux-gnu/liblz4.so.1.7.1
7fe705486000-7fe705487000 r--p 0001a000 08:04 4072524                    /usr/lib/x86_64-linux-gnu/liblz4.so.1.7.1
7fe705487000-7fe705488000 rw-p 0001b000 08:04 4072524                    /usr/lib/x86_64-linux-gnu/liblz4.so.1.7.1
7fe705488000-7fe7054ac000 r-xp 00000000 08:04 4592584                    /lib/x86_64-linux-gnu/liblzma.so.5.2.2
7fe7054ac000-7fe7056ac000 ---p 00024000 08:04 4592584                    /lib/x86_64-linux-gnu/liblzma.so.5.2.2
7fe7056ac000-7fe7056ad000 r--p 00024000 08:04 4592584                    /lib/x86_64-linux-gnu/liblzma.so.5.2.2
7fe7056ad000-7fe7056ae000 rw-p 00025000 08:04 4592584                    /lib/x86_64-linux-gnu/liblzma.so.5.2.2
7fe7056ae000-7fe70572e000 r-xp 00000000 08:04 4592678                    /lib/x86_64-linux-gnu/libsystemd.so.0.21.0
7fe70572e000-7fe70592d000 ---p 00080000 08:04 4592678                    /lib/x86_64-linux-gnu/libsystemd.so.0.21.0
7fe70592d000-7fe705930000 r--p 0007f000 08:04 4592678                    /lib/x86_64-linux-gnu/libsystemd.so.0.21.0
7fe705930000-7fe705931000 rw-p 00082000 08:04 4592678                    /lib/x86_64-linux-gnu/libsystemd.so.0.21.0
7fe705931000-7fe705932000 rw-p 00000000 00:00 0 
7fe705932000-7fe7059a2000 r-xp 00000000 08:04 4592646                    /lib/x86_64-linux-gnu/libpcre.so.3.13.3
7fe7059a2000-7fe705ba2000 ---p 00070000 08:04 4592646                    /lib/x86_64-linux-gnu/libpcre.so.3.13.3
7fe705ba2000-7fe705ba3000 r--p 00070000 08:04 4592646                    /lib/x86_64-linux-gnu/libpcre.so.3.13.3
7fe705ba3000-7fe705ba4000 rw-p 00071000 08:04 4592646                    /lib/x86_64-linux-gnu/libpcre.so.3.13.3
7fe705ba4000-7fe705bab000 r-xp 00000000 08:04 4072158                    /usr/lib/x86_64-linux-gnu/libffi.so.6.0.4
7fe705bab000-7fe705daa000 ---p 00007000 08:04 4072158                    /usr/lib/x86_64-linux-gnu/libffi.so.6.0.4
7fe705daa000-7fe705dab000 r--p 00006000 08:04 4072158                    /usr/lib/x86_64-linux-gnu/libffi.so.6.0.4
7fe705dab000-7fe705dac000 rw-p 00007000 08:04 4072158                    /usr/lib/x86_64-linux-gnu/libffi.so.6.0.4
7fe705dac000-7fe705dd8000 r-xp 00000000 08:04 4071906                    /usr/lib/x86_64-linux-gnu/libatspi.so.0.0.1
7fe705dd8000-7fe705fd8000 ---p 0002c000 08:04 4071906                    /usr/lib/x86_64-linux-gnu/libatspi.so.0.0.1
7fe705fd8000-7fe705fdb000 r--p 0002c000 08:04 4071906                    /usr/lib/x86_64-linux-gnu/libatspi.so.0.0.1
7fe705fdb000-7fe705fdc000 rw-p 0002f000 08:04 4071906                    /usr/lib/x86_64-linux-gnu/libatspi.so.0.0.1
7fe705fdc000-7fe706027000 r-xp 00000000 08:04 4592539                    /lib/x86_64-linux-gnu/libdbus-1.so.3.19.4
7fe706027000-7fe706227000 ---p 0004b000 08:04 4592539                    /lib/x86_64-linux-gnu/libdbus-1.so.3.19.4
7fe706227000-7fe706228000 r--p 0004b000 08:04 4592539                    /lib/x86_64-linux-gnu/libdbus-1.so.3.19.4
7fe706228000-7fe706229000 rw-p 0004c000 08:04 4592539                    /lib/x86_64-linux-gnu/libdbus-1.so.3.19.4
7fe706229000-7fe70633c000 r-xp 00000000 08:04 4063575                    /usr/lib/x86_64-linux-gnu/libglib-2.0.so.0.5600.2
7fe70633c000-7fe70653c000 ---p 00113000 08:04 4063575                    /usr/lib/x86_64-linux-gnu/libglib-2.0.so.0.5600.2
7fe70653c000-7fe70653d000 r--p 00113000 08:04 4063575                    /usr/lib/x86_64-linux-gnu/libglib-2.0.so.0.5600.2
7fe70653d000-7fe70653e000 rw-p 00114000 08:04 4063575                    /usr/lib/x86_64-linux-gnu/libglib-2.0.so.0.5600.2
7fe70653e000-7fe70653f000 rw-p 00000000 00:00 0 
7fe70653f000-7fe706591000 r-xp 00000000 08:04 4063599                    /usr/lib/x86_64-linux-gnu/libgobject-2.0.so.0.5600.2
7fe706591000-7fe706791000 ---p 00052000 08:04 4063599                    /usr/lib/x86_64-linux-gnu/libgobject-2.0.so.0.5600.2
7fe706791000-7fe706792000 r--p 00052000 08:04 4063599                    /usr/lib/x86_64-linux-gnu/libgobject-2.0.so.0.5600.2
7fe706792000-7fe706793000 rw-p 00053000 08:04 4063599                    /usr/lib/x86_64-linux-gnu/libgobject-2.0.so.0.5600.2
7fe706793000-7fe7067c1000 r-xp 00000000 08:04 4071904                    /usr/lib/x86_64-linux-gnu/libatk-bridge-2.0.so.0.0.0
7fe7067c1000-7fe7069c1000 ---p 0002e000 08:04 4071904                    /usr/lib/x86_64-linux-gnu/libatk-bridge-2.0.so.0.0.0
7fe7069c1000-7fe7069c2000 r--p 0002e000 08:04 4071904                    /usr/lib/x86_64-linux-gnu/libatk-bridge-2.0.so.0.0.0
7fe7069c2000-7fe7069c3000 rw-p 0002f000 08:04 4071904                    /usr/lib/x86_64-linux-gnu/libatk-bridge-2.0.so.0.0.0
7fe7069c3000-7fe7069c4000 rw-p 00000000 00:00 0 
7fe7069c4000-7fe7069e6000 r-xp 00000000 08:04 4071902                    /usr/lib/x86_64-linux-gnu/libatk-1.0.so.0.22810.1
7fe7069e6000-7fe706be6000 ---p 00022000 08:04 4071902                    /usr/lib/x86_64-linux-gnu/libatk-1.0.so.0.22810.1
7fe706be6000-7fe706be9000 r--p 00022000 08:04 4071902                    /usr/lib/x86_64-linux-gnu/libatk-1.0.so.0.22810.1
7fe706be9000-7fe706bea000 rw-p 00025000 08:04 4071902                    /usr/lib/x86_64-linux-gnu/libatk-1.0.so.0.22810.1
7fe706bea000-7fe706c01000 r-xp 00000000 08:04 4069135                    /usr/lib/x86_64-linux-gnu/jni/libatk-wrapper.so.6.0.0
7fe706c01000-7fe706e01000 ---p 00017000 08:04 4069135                    /usr/lib/x86_64-linux-gnu/jni/libatk-wrapper.so.6.0.0
7fe706e01000-7fe706e02000 r--p 00017000 08:04 4069135                    /usr/lib/x86_64-linux-gnu/jni/libatk-wrapper.so.6.0.0
7fe706e02000-7fe706e03000 rw-p 00018000 08:04 4069135                    /usr/lib/x86_64-linux-gnu/jni/libatk-wrapper.so.6.0.0
7fe706e03000-7fe706e1a000 r-xp 00000000 08:04 4068970                    /usr/lib/jvm/java-8-openjdk-amd64/jre/lib/amd64/libnet.so
7fe706e1a000-7fe707019000 ---p 00017000 08:04 4068970                    /usr/lib/jvm/java-8-openjdk-amd64/jre/lib/amd64/libnet.so
7fe707019000-7fe70701a000 r--p 00016000 08:04 4068970                    /usr/lib/jvm/java-8-openjdk-amd64/jre/lib/amd64/libnet.so
7fe70701a000-7fe70701b000 rw-p 00017000 08:04 4068970                    /usr/lib/jvm/java-8-openjdk-amd64/jre/lib/amd64/libnet.so
7fe70701b000-7fe70702c000 r-xp 00000000 08:04 4068971                    /usr/lib/jvm/java-8-openjdk-amd64/jre/lib/amd64/libnio.so
7fe70702c000-7fe70722c000 ---p 00011000 08:04 4068971                    /usr/lib/jvm/java-8-openjdk-amd64/jre/lib/amd64/libnio.so
7fe70722c000-7fe70722d000 r--p 00011000 08:04 4068971                    /usr/lib/jvm/java-8-openjdk-amd64/jre/lib/amd64/libnio.so
7fe70722d000-7fe70722e000 rw-p 00012000 08:04 4068971                    /usr/lib/jvm/java-8-openjdk-amd64/jre/lib/amd64/libnio.so
7fe70722e000-7fe707231000 ---p 00000000 00:00 0 
7fe707231000-7fe707267000 rw-p 00000000 00:00 0 
7fe707267000-7fe70726a000 ---p 00000000 00:00 0 
7fe70726a000-7fe707368000 rw-p 00000000 00:00 0 
7fe707368000-7fe70736d000 r-xp 00000000 08:04 4071831                    /usr/lib/x86_64-linux-gnu/libXfixes.so.3.1.0
7fe70736d000-7fe70756c000 ---p 00005000 08:04 4071831                    /usr/lib/x86_64-linux-gnu/libXfixes.so.3.1.0
7fe70756c000-7fe70756d000 r--p 00004000 08:04 4071831                    /usr/lib/x86_64-linux-gnu/libXfixes.so.3.1.0
7fe70756d000-7fe70756e000 rw-p 00005000 08:04 4071831                    /usr/lib/x86_64-linux-gnu/libXfixes.so.3.1.0
7fe70756e000-7fe707577000 r-xp 00000000 08:04 4071823                    /usr/lib/x86_64-linux-gnu/libXcursor.so.1.0.2
7fe707577000-7fe707776000 ---p 00009000 08:04 4071823                    /usr/lib/x86_64-linux-gnu/libXcursor.so.1.0.2
7fe707776000-7fe707777000 r--p 00008000 08:04 4071823                    /usr/lib/x86_64-linux-gnu/libXcursor.so.1.0.2
7fe707777000-7fe707778000 rw-p 00009000 08:04 4071823                    /usr/lib/x86_64-linux-gnu/libXcursor.so.1.0.2
7fe707778000-7fe70777b000 ---p 00000000 00:00 0 
7fe70777b000-7fe707879000 rw-p 00000000 00:00 0 
7fe707879000-7fe7078aa000 r-xp 00000000 08:04 4072680                    /usr/lib/x86_64-linux-gnu/libpng16.so.16.34.0
7fe7078aa000-7fe707aa9000 ---p 00031000 08:04 4072680                    /usr/lib/x86_64-linux-gnu/libpng16.so.16.34.0
7fe707aa9000-7fe707aaa000 r--p 00030000 08:04 4072680                    /usr/lib/x86_64-linux-gnu/libpng16.so.16.34.0
7fe707aaa000-7fe707aab000 rw-p 00031000 08:04 4072680                    /usr/lib/x86_64-linux-gnu/libpng16.so.16.34.0
7fe707aab000-7fe707b58000 r-xp 00000000 08:04 4072190                    /usr/lib/x86_64-linux-gnu/libfreetype.so.6.15.0
7fe707b58000-7fe707d57000 ---p 000ad000 08:04 4072190                    /usr/lib/x86_64-linux-gnu/libfreetype.so.6.15.0
7fe707d57000-7fe707d5e000 r--p 000ac000 08:04 4072190                    /usr/lib/x86_64-linux-gnu/libfreetype.so.6.15.0
7fe707d5e000-7fe707d5f000 rw-p 000b3000 08:04 4072190                    /usr/lib/x86_64-linux-gnu/libfreetype.so.6.15.0
7fe707d5f000-7fe707d60000 r--s 00000000 08:04 925205                     /var/cache/fontconfig/d5178ab6d91b49bf20a416737dcea9e8-le64.cache-7
7fe707d60000-7fe707d63000 r--s 00000000 08:04 925214                     /var/cache/fontconfig/f259c2cffa685e28062317905db73c4a-le64.cache-7
7fe707d63000-7fe707d65000 r--s 00000000 08:04 925174                     /var/cache/fontconfig/550f3886151c940c12a5ed35f6a00586-le64.cache-7
7fe707d65000-7fe707d73000 r--s 00000000 08:04 925192                     /var/cache/fontconfig/9b89f8e3dae116d678bbf48e5f21f69b-le64.cache-7
7fe707d73000-7fe707dc4000 r-xp 00000000 08:04 4068950                    /usr/lib/jvm/java-8-openjdk-amd64/jre/lib/amd64/libfontmanager.so
7fe707dc4000-7fe707fc4000 ---p 00051000 08:04 4068950                    /usr/lib/jvm/java-8-openjdk-amd64/jre/lib/amd64/libfontmanager.so
7fe707fc4000-7fe707fc6000 r--p 00051000 08:04 4068950                    /usr/lib/jvm/java-8-openjdk-amd64/jre/lib/amd64/libfontmanager.so
7fe707fc6000-7fe707fc7000 rw-p 00053000 08:04 4068950                    /usr/lib/jvm/java-8-openjdk-amd64/jre/lib/amd64/libfontmanager.so
7fe707fc7000-7fe707fda000 r--s 00346000 08:04 4069036                    /usr/lib/jvm/java-8-openjdk-amd64/jre/lib/resources.jar
7fe707fda000-7fe708000000 r--p 00000000 08:04 4722692                    /usr/share/locale-langpack/pt_BR/LC_MESSAGES/libc.mo
7fe708000000-7fe7085d5000 rw-p 00000000 00:00 0 
7fe7085d5000-7fe70c000000 ---p 00000000 00:00 0 
7fe70c000000-7fe70c021000 rw-p 00000000 00:00 0 
7fe70c021000-7fe710000000 ---p 00000000 00:00 0 
7fe710000000-7fe71013b000 rw-p 00000000 00:00 0 
7fe71013b000-7fe714000000 ---p 00000000 00:00 0 
7fe714000000-7fe7141ac000 rw-p 00000000 00:00 0 
7fe7141ac000-7fe718000000 ---p 00000000 00:00 0 
7fe718000000-7fe718021000 rw-p 00000000 00:00 0 
7fe718021000-7fe71c000000 ---p 00000000 00:00 0 
7fe71c000000-7fe71c021000 rw-p 00000000 00:00 0 
7fe71c021000-7fe720000000 ---p 00000000 00:00 0 
7fe720000000-7fe720021000 rw-p 00000000 00:00 0 
7fe720021000-7fe724000000 ---p 00000000 00:00 0 
7fe724000000-7fe724021000 rw-p 00000000 00:00 0 
7fe724021000-7fe728000000 ---p 00000000 00:00 0 
7fe728000000-7fe728021000 rw-p 00000000 00:00 0 
7fe728021000-7fe72c000000 ---p 00000000 00:00 0 
7fe72c000000-7fe72c021000 rw-p 00000000 00:00 0 
7fe72c021000-7fe730000000 ---p 00000000 00:00 0 
7fe730000000-7fe730021000 rw-p 00000000 00:00 0 
7fe730021000-7fe734000000 ---p 00000000 00:00 0 
7fe734000000-7fe734021000 rw-p 00000000 00:00 0 
7fe734021000-7fe738000000 ---p 00000000 00:00 0 
7fe738000000-7fe738001000 r--s 00000000 08:04 925175                     /var/cache/fontconfig/551ecf3b0e8b0bca0f25c0944f561853-le64.cache-7
7fe738001000-7fe738004000 r--s 00000000 08:04 925183                     /var/cache/fontconfig/674d1711f2d1d2a09646eb0bdcadee49-le64.cache-7
7fe738004000-7fe738005000 r--s 00000000 08:04 927129                     /var/cache/fontconfig/8a687c406b77f27d99abfeeba937fcce-le64.cache-7
7fe738005000-7fe738006000 r--s 00000000 08:04 925167                     /var/cache/fontconfig/3f7329c5293ffd510edef78f73874cfd-le64.cache-7
7fe738006000-7fe738007000 r--s 00000000 08:04 925153                     /var/cache/fontconfig/0c9eb80ebd1c36541ebe2852d3bb0c49-le64.cache-7
7fe738007000-7fe73801a000 r-xp 00000000 08:04 4592520                    /lib/x86_64-linux-gnu/libbsd.so.0.8.7
7fe73801a000-7fe738219000 ---p 00013000 08:04 4592520                    /lib/x86_64-linux-gnu/libbsd.so.0.8.7
7fe738219000-7fe73821a000 r--p 00012000 08:04 4592520                    /lib/x86_64-linux-gnu/libbsd.so.0.8.7
7fe73821a000-7fe73821b000 rw-p 00013000 08:04 4592520                    /lib/x86_64-linux-gnu/libbsd.so.0.8.7
7fe73821b000-7fe73821c000 rw-p 00000000 00:00 0 
7fe73821c000-7fe738221000 r-xp 00000000 08:04 4071827                    /usr/lib/x86_64-linux-gnu/libXdmcp.so.6.0.0
7fe738221000-7fe738420000 ---p 00005000 08:04 4071827                    /usr/lib/x86_64-linux-gnu/libXdmcp.so.6.0.0
7fe738420000-7fe738421000 r--p 00004000 08:04 4071827                    /usr/lib/x86_64-linux-gnu/libXdmcp.so.6.0.0
7fe738421000-7fe738422000 rw-p 00005000 08:04 4071827                    /usr/lib/x86_64-linux-gnu/libXdmcp.so.6.0.0
7fe738422000-7fe738424000 r-xp 00000000 08:04 4071816                    /usr/lib/x86_64-linux-gnu/libXau.so.6.0.0
7fe738424000-7fe738624000 ---p 00002000 08:04 4071816                    /usr/lib/x86_64-linux-gnu/libXau.so.6.0.0
7fe738624000-7fe738625000 r--p 00002000 08:04 4071816                    /usr/lib/x86_64-linux-gnu/libXau.so.6.0.0
7fe738625000-7fe738626000 rw-p 00003000 08:04 4071816                    /usr/lib/x86_64-linux-gnu/libXau.so.6.0.0
7fe738626000-7fe73864c000 r-xp 00000000 08:04 4073020                    /usr/lib/x86_64-linux-gnu/libxcb.so.1.1.0
7fe73864c000-7fe73884c000 ---p 00026000 08:04 4073020                    /usr/lib/x86_64-linux-gnu/libxcb.so.1.1.0
7fe73884c000-7fe73884d000 r--p 00026000 08:04 4073020                    /usr/lib/x86_64-linux-gnu/libxcb.so.1.1.0
7fe73884d000-7fe73884e000 rw-p 00027000 08:04 4073020                    /usr/lib/x86_64-linux-gnu/libxcb.so.1.1.0
7fe73884e000-7fe73885d000 r-xp 00000000 08:04 4071837                    /usr/lib/x86_64-linux-gnu/libXi.so.6.1.0
7fe73885d000-7fe738a5c000 ---p 0000f000 08:04 4071837                    /usr/lib/x86_64-linux-gnu/libXi.so.6.1.0
7fe738a5c000-7fe738a5d000 r--p 0000e000 08:04 4071837                    /usr/lib/x86_64-linux-gnu/libXi.so.6.1.0
7fe738a5d000-7fe738a5e000 rw-p 0000f000 08:04 4071837                    /usr/lib/x86_64-linux-gnu/libXi.so.6.1.0
7fe738a5e000-7fe738a63000 r-xp 00000000 08:04 4071855                    /usr/lib/x86_64-linux-gnu/libXtst.so.6.1.0
7fe738a63000-7fe738c62000 ---p 00005000 08:04 4071855                    /usr/lib/x86_64-linux-gnu/libXtst.so.6.1.0
7fe738c62000-7fe738c63000 r--p 00004000 08:04 4071855                    /usr/lib/x86_64-linux-gnu/libXtst.so.6.1.0
7fe738c63000-7fe738c64000 rw-p 00005000 08:04 4071855                    /usr/lib/x86_64-linux-gnu/libXtst.so.6.1.0
7fe738c64000-7fe738c6d000 r-xp 00000000 08:04 4071849                    /usr/lib/x86_64-linux-gnu/libXrender.so.1.3.0
7fe738c6d000-7fe738e6c000 ---p 00009000 08:04 4071849                    /usr/lib/x86_64-linux-gnu/libXrender.so.1.3.0
7fe738e6c000-7fe738e6d000 r--p 00008000 08:04 4071849                    /usr/lib/x86_64-linux-gnu/libXrender.so.1.3.0
7fe738e6d000-7fe738e6e000 rw-p 00009000 08:04 4071849                    /usr/lib/x86_64-linux-gnu/libXrender.so.1.3.0
7fe738e6e000-7fe738fa1000 r-xp 00000000 08:04 4068212                    /usr/lib/x86_64-linux-gnu/libX11.so.6.3.0
7fe738fa1000-7fe7391a1000 ---p 00133000 08:04 4068212                    /usr/lib/x86_64-linux-gnu/libX11.so.6.3.0
7fe7391a1000-7fe7391a2000 r--p 00133000 08:04 4068212                    /usr/lib/x86_64-linux-gnu/libX11.so.6.3.0
7fe7391a2000-7fe7391a6000 rw-p 00134000 08:04 4068212                    /usr/lib/x86_64-linux-gnu/libX11.so.6.3.0
7fe7391a6000-7fe7391b7000 r-xp 00000000 08:04 4071829                    /usr/lib/x86_64-linux-gnu/libXext.so.6.4.0
7fe7391b7000-7fe7393b6000 ---p 00011000 08:04 4071829                    /usr/lib/x86_64-linux-gnu/libXext.so.6.4.0
7fe7393b6000-7fe7393b7000 r--p 00010000 08:04 4071829                    /usr/lib/x86_64-linux-gnu/libXext.so.6.4.0
7fe7393b7000-7fe7393b8000 rw-p 00011000 08:04 4071829                    /usr/lib/x86_64-linux-gnu/libXext.so.6.4.0
7fe7393b8000-7fe7393b9000 r--s 00000000 08:04 925160                     /var/cache/fontconfig/22368d551a680bfe5a62c02760edf4ea-le64.cache-7
7fe7393b9000-7fe7393ba000 r--s 00000000 08:04 925172                     /var/cache/fontconfig/4d9c95eba1cb85bbcf2878543262124a-le64.cache-7
7fe7393ba000-7fe7393bb000 r--s 00000000 08:04 925189                     /var/cache/fontconfig/85e0a52ce643a7ba2ae53e5d6949cead-le64.cache-7
7fe7393bb000-7fe7393bc000 r--s 00000000 08:04 925169                     /var/cache/fontconfig/49f0de54bdd920fe4f0dfd4cbac43e6b-le64.cache-7
7fe7393bc000-7fe7393bd000 r--s 00000000 08:04 925216                     /var/cache/fontconfig/f6e6e0a5c3d2f6ae0c0c2e0ecd42a997-le64.cache-7
7fe7393bd000-7fe7393bf000 r--s 00000000 08:04 925184                     /var/cache/fontconfig/6afa1bb216ce958c1589e297e8008489-le64.cache-7
7fe7393bf000-7fe7393c2000 r--s 00000000 08:04 925211                     /var/cache/fontconfig/e13b20fdb08344e0e664864cc2ede53d-le64.cache-7
7fe7393c2000-7fe7393c5000 r--p 00000000 08:04 4722525                    /usr/share/locale-langpack/pt_BR/LC_MESSAGES/atk10.mo
7fe7393c5000-7fe7393cc000 r--s 00000000 08:04 4327264                    /usr/lib/x86_64-linux-gnu/gconv/gconv-modules.cache
7fe7393cc000-7fe739420000 r-xp 00000000 08:04 4068948                    /usr/lib/jvm/java-8-openjdk-amd64/jre/lib/amd64/libawt_xawt.so
7fe739420000-7fe73961f000 ---p 00054000 08:04 4068948                    /usr/lib/jvm/java-8-openjdk-amd64/jre/lib/amd64/libawt_xawt.so
7fe73961f000-7fe739620000 r--p 00053000 08:04 4068948                    /usr/lib/jvm/java-8-openjdk-amd64/jre/lib/amd64/libawt_xawt.so
7fe739620000-7fe739623000 rw-p 00054000 08:04 4068948                    /usr/lib/jvm/java-8-openjdk-amd64/jre/lib/amd64/libawt_xawt.so
7fe739623000-7fe739624000 rw-p 00000000 00:00 0 
7fe739624000-7fe7396c4000 r-xp 00000000 08:04 4068946                    /usr/lib/jvm/java-8-openjdk-amd64/jre/lib/amd64/libawt.so
7fe7396c4000-7fe7398c3000 ---p 000a0000 08:04 4068946                    /usr/lib/jvm/java-8-openjdk-amd64/jre/lib/amd64/libawt.so
7fe7398c3000-7fe7398c4000 r--p 0009f000 08:04 4068946                    /usr/lib/jvm/java-8-openjdk-amd64/jre/lib/amd64/libawt.so
7fe7398c4000-7fe7398cf000 rw-p 000a0000 08:04 4068946                    /usr/lib/jvm/java-8-openjdk-amd64/jre/lib/amd64/libawt.so
7fe7398cf000-7fe7398f4000 rw-p 00000000 00:00 0 
7fe7398f4000-7fe7398f9000 r--s 002f9000 08:04 4068982                    /usr/lib/jvm/java-8-openjdk-amd64/jre/lib/charsets.jar
7fe7398f9000-7fe739902000 r--s 0005b000 08:04 4468051                    /home/administrador/Documentos/looks-2.3.1.jar
7fe739902000-7fe73990c000 r--s 000b7000 08:04 4468037                    /home/administrador/Documentos/postgresql-42.2.2.jar
7fe73990c000-7fe739912000 r--s 00023000 08:04 4468038                    /home/administrador/Documentos/jcalendar-1.4.jar
7fe739912000-7fe73992d000 r--s 00394000 08:04 4069008                    /usr/lib/jvm/java-8-openjdk-amd64/jre/lib/ext/cldrdata.jar
7fe73992d000-7fe739948000 r--s 001d6000 08:04 4069013                    /usr/lib/jvm/java-8-openjdk-amd64/jre/lib/ext/nashorn.jar
7fe739948000-7fe739949000 ---p 00000000 00:00 0 
7fe739949000-7fe739a49000 rw-p 00000000 00:00 0 
7fe739a49000-7fe739a4c000 ---p 00000000 00:00 0 
7fe739a4c000-7fe739b4a000 rw-p 00000000 00:00 0 
7fe739b4a000-7fe739b4b000 ---p 00000000 00:00 0 
7fe739b4b000-7fe739b4e000 ---p 00000000 00:00 0 
7fe739b4e000-7fe739c4b000 rw-p 00000000 00:00 0 
7fe739c4b000-7fe739c4c000 ---p 00000000 00:00 0 
7fe739c4c000-7fe739c4f000 ---p 00000000 00:00 0 
7fe739c4f000-7fe739d4c000 rw-p 00000000 00:00 0 
7fe739d4c000-7fe739d4d000 ---p 00000000 00:00 0 
7fe739d4d000-7fe739d50000 ---p 00000000 00:00 0 
7fe739d50000-7fe739e4d000 rw-p 00000000 00:00 0 
7fe739e4d000-7fe739e50000 ---p 00000000 00:00 0 
7fe739e50000-7fe739f4e000 rw-p 00000000 00:00 0 
7fe739f4e000-7fe73a91d000 r--p 00000000 08:04 4070170                    /usr/lib/locale/locale-archive
7fe73a91d000-7fe73a920000 ---p 00000000 00:00 0 
7fe73a920000-7fe73aa1e000 rw-p 00000000 00:00 0 
7fe73aa1e000-7fe73aa21000 ---p 00000000 00:00 0 
7fe73aa21000-7fe73ab1f000 rw-p 00000000 00:00 0 
7fe73ab1f000-7fe73ab20000 ---p 00000000 00:00 0 
7fe73ab20000-7fe73bb92000 rw-p 00000000 00:00 0 
7fe73bb92000-7fe73bd61000 r--s 03c32000 08:04 4069037                    /usr/lib/jvm/java-8-openjdk-amd64/jre/lib/rt.jar
7fe73bd61000-7fe73f5ec000 rw-p 00000000 00:00 0 
7fe73f5ec000-7fe73f5ed000 ---p 00000000 00:00 0 
7fe73f5ed000-7fe73f6ed000 rw-p 00000000 00:00 0 
7fe73f6ed000-7fe73f6ee000 ---p 00000000 00:00 0 
7fe73f6ee000-7fe73f7ee000 rw-p 00000000 00:00 0 
7fe73f7ee000-7fe73f7ef000 ---p 00000000 00:00 0 
7fe73f7ef000-7fe73f90e000 rw-p 00000000 00:00 0 
7fe73f90e000-7fe73fad7000 ---p 00000000 00:00 0 
7fe73fad7000-7fe73faf6000 rw-p 00000000 00:00 0 
7fe73faf6000-7fe73fcbe000 ---p 00000000 00:00 0 
7fe73fcbe000-7fe73fcce000 rw-p 00000000 00:00 0 
7fe73fcce000-7fe73fdb2000 ---p 00000000 00:00 0 
7fe73fdb2000-7fe73fdc9000 rw-p 00000000 00:00 0 
7fe73fdc9000-7fe740173000 ---p 00000000 00:00 0 
7fe740173000-7fe7406f3000 rwxp 00000000 00:00 0 
7fe7406f3000-7fe74f173000 ---p 00000000 00:00 0 
7fe74f173000-7fe74f17b000 r-xp 00000000 08:04 4068978                    /usr/lib/jvm/java-8-openjdk-amd64/jre/lib/amd64/libzip.so
7fe74f17b000-7fe74f37a000 ---p 00008000 08:04 4068978                    /usr/lib/jvm/java-8-openjdk-amd64/jre/lib/amd64/libzip.so
7fe74f37a000-7fe74f37b000 r--p 00007000 08:04 4068978                    /usr/lib/jvm/java-8-openjdk-amd64/jre/lib/amd64/libzip.so
7fe74f37b000-7fe74f37c000 rw-p 00008000 08:04 4068978                    /usr/lib/jvm/java-8-openjdk-amd64/jre/lib/amd64/libzip.so
7fe74f37c000-7fe74f387000 r-xp 00000000 08:04 4592614                    /lib/x86_64-linux-gnu/libnss_files-2.27.so
7fe74f387000-7fe74f586000 ---p 0000b000 08:04 4592614                    /lib/x86_64-linux-gnu/libnss_files-2.27.so
7fe74f586000-7fe74f587000 r--p 0000a000 08:04 4592614                    /lib/x86_64-linux-gnu/libnss_files-2.27.so
7fe74f587000-7fe74f588000 rw-p 0000b000 08:04 4592614                    /lib/x86_64-linux-gnu/libnss_files-2.27.so
7fe74f588000-7fe74f58e000 rw-p 00000000 00:00 0 
7fe74f58e000-7fe74f5a5000 r-xp 00000000 08:04 4592608                    /lib/x86_64-linux-gnu/libnsl-2.27.so
7fe74f5a5000-7fe74f7a4000 ---p 00017000 08:04 4592608                    /lib/x86_64-linux-gnu/libnsl-2.27.so
7fe74f7a4000-7fe74f7a5000 r--p 00016000 08:04 4592608                    /lib/x86_64-linux-gnu/libnsl-2.27.so
7fe74f7a5000-7fe74f7a6000 rw-p 00017000 08:04 4592608                    /lib/x86_64-linux-gnu/libnsl-2.27.so
7fe74f7a6000-7fe74f7a8000 rw-p 00000000 00:00 0 
7fe74f7a8000-7fe74f7b3000 r-xp 00000000 08:04 4592625                    /lib/x86_64-linux-gnu/libnss_nis-2.27.so
7fe74f7b3000-7fe74f9b2000 ---p 0000b000 08:04 4592625                    /lib/x86_64-linux-gnu/libnss_nis-2.27.so
7fe74f9b2000-7fe74f9b3000 r--p 0000a000 08:04 4592625                    /lib/x86_64-linux-gnu/libnss_nis-2.27.so
7fe74f9b3000-7fe74f9b4000 rw-p 0000b000 08:04 4592625                    /lib/x86_64-linux-gnu/libnss_nis-2.27.so
7fe74f9b4000-7fe74f9bc000 r-xp 00000000 08:04 4592610                    /lib/x86_64-linux-gnu/libnss_compat-2.27.so
7fe74f9bc000-7fe74fbbc000 ---p 00008000 08:04 4592610                    /lib/x86_64-linux-gnu/libnss_compat-2.27.so
7fe74fbbc000-7fe74fbbd000 r--p 00008000 08:04 4592610                    /lib/x86_64-linux-gnu/libnss_compat-2.27.so
7fe74fbbd000-7fe74fbbe000 rw-p 00009000 08:04 4592610                    /lib/x86_64-linux-gnu/libnss_compat-2.27.so
7fe74fbbe000-7fe74fbec000 r-xp 00000000 08:04 4068959                    /usr/lib/jvm/java-8-openjdk-amd64/jre/lib/amd64/libjava.so
7fe74fbec000-7fe74fdeb000 ---p 0002e000 08:04 4068959                    /usr/lib/jvm/java-8-openjdk-amd64/jre/lib/amd64/libjava.so
7fe74fdeb000-7fe74fdec000 r--p 0002d000 08:04 4068959                    /usr/lib/jvm/java-8-openjdk-amd64/jre/lib/amd64/libjava.so
7fe74fdec000-7fe74fdee000 rw-p 0002e000 08:04 4068959                    /usr/lib/jvm/java-8-openjdk-amd64/jre/lib/amd64/libjava.so
7fe74fdee000-7fe74fdfe000 r-xp 00000000 08:04 4068977                    /usr/lib/jvm/java-8-openjdk-amd64/jre/lib/amd64/libverify.so
7fe74fdfe000-7fe74fffd000 ---p 00010000 08:04 4068977                    /usr/lib/jvm/java-8-openjdk-amd64/jre/lib/amd64/libverify.so
7fe74fffd000-7fe74ffff000 r--p 0000f000 08:04 4068977                    /usr/lib/jvm/java-8-openjdk-amd64/jre/lib/amd64/libverify.so
7fe74ffff000-7fe750000000 rw-p 00011000 08:04 4068977                    /usr/lib/jvm/java-8-openjdk-amd64/jre/lib/amd64/libverify.so
7fe750000000-7fe7503c4000 rw-p 00000000 00:00 0 
7fe7503c4000-7fe754000000 ---p 00000000 00:00 0 
7fe754000000-7fe754001000 r--s 00000000 08:04 925170                     /var/cache/fontconfig/4b2eda6bb976bda485cb2176619421d5-le64.cache-7
7fe754001000-7fe754008000 r--s 0009f000 08:04 402690                     /home/administrador/netbeans-8.2/ide/modules/ext/postgresql-9.4.1209.jar
7fe754008000-7fe75400e000 r--s 0003b000 08:04 4069015                    /usr/lib/jvm/java-8-openjdk-amd64/jre/lib/ext/sunjce_provider.jar
7fe75400e000-7fe754018000 r--s 00116000 08:04 4069012                    /usr/lib/jvm/java-8-openjdk-amd64/jre/lib/ext/localedata.jar
7fe754018000-7fe7540dc000 rw-p 00000000 00:00 0 
7fe7540dc000-7fe7540dd000 ---p 00000000 00:00 0 
7fe7540dd000-7fe7541dd000 rw-p 00000000 00:00 0 
7fe7541dd000-7fe7541e4000 r-xp 00000000 08:04 4592665                    /lib/x86_64-linux-gnu/librt-2.27.so
7fe7541e4000-7fe7543e3000 ---p 00007000 08:04 4592665                    /lib/x86_64-linux-gnu/librt-2.27.so
7fe7543e3000-7fe7543e4000 r--p 00006000 08:04 4592665                    /lib/x86_64-linux-gnu/librt-2.27.so
7fe7543e4000-7fe7543e5000 rw-p 00007000 08:04 4592665                    /lib/x86_64-linux-gnu/librt-2.27.so
7fe7543e5000-7fe7543fc000 r-xp 00000000 08:04 4593551                    /lib/x86_64-linux-gnu/libgcc_s.so.1
7fe7543fc000-7fe7545fb000 ---p 00017000 08:04 4593551                    /lib/x86_64-linux-gnu/libgcc_s.so.1
7fe7545fb000-7fe7545fc000 r--p 00016000 08:04 4593551                    /lib/x86_64-linux-gnu/libgcc_s.so.1
7fe7545fc000-7fe7545fd000 rw-p 00017000 08:04 4593551                    /lib/x86_64-linux-gnu/libgcc_s.so.1
7fe7545fd000-7fe75479a000 r-xp 00000000 08:04 4592587                    /lib/x86_64-linux-gnu/libm-2.27.so
7fe75479a000-7fe754999000 ---p 0019d000 08:04 4592587                    /lib/x86_64-linux-gnu/libm-2.27.so
7fe754999000-7fe75499a000 r--p 0019c000 08:04 4592587                    /lib/x86_64-linux-gnu/libm-2.27.so
7fe75499a000-7fe75499b000 rw-p 0019d000 08:04 4592587                    /lib/x86_64-linux-gnu/libm-2.27.so
7fe75499b000-7fe754b14000 r-xp 00000000 08:04 4067795                    /usr/lib/x86_64-linux-gnu/libstdc++.so.6.0.25
7fe754b14000-7fe754d14000 ---p 00179000 08:04 4067795                    /usr/lib/x86_64-linux-gnu/libstdc++.so.6.0.25
7fe754d14000-7fe754d1e000 r--p 00179000 08:04 4067795                    /usr/lib/x86_64-linux-gnu/libstdc++.so.6.0.25
7fe754d1e000-7fe754d20000 rw-p 00183000 08:04 4067795                    /usr/lib/x86_64-linux-gnu/libstdc++.so.6.0.25
7fe754d20000-7fe754d24000 rw-p 00000000 00:00 0 
7fe754d24000-7fe7559b9000 r-xp 00000000 08:04 4068981                    /usr/lib/jvm/java-8-openjdk-amd64/jre/lib/amd64/server/libjvm.so
7fe7559b9000-7fe755bb8000 ---p 00c95000 08:04 4068981                    /usr/lib/jvm/java-8-openjdk-amd64/jre/lib/amd64/server/libjvm.so
7fe755bb8000-7fe755c4c000 r--p 00c94000 08:04 4068981                    /usr/lib/jvm/java-8-openjdk-amd64/jre/lib/amd64/server/libjvm.so
7fe755c4c000-7fe755c74000 rw-p 00d28000 08:04 4068981                    /usr/lib/jvm/java-8-openjdk-amd64/jre/lib/amd64/server/libjvm.so
7fe755c74000-7fe755ca5000 rw-p 00000000 00:00 0 
7fe755ca5000-7fe755cbf000 r-xp 00000000 08:04 4592657                    /lib/x86_64-linux-gnu/libpthread-2.27.so
7fe755cbf000-7fe755ebe000 ---p 0001a000 08:04 4592657                    /lib/x86_64-linux-gnu/libpthread-2.27.so
7fe755ebe000-7fe755ebf000 r--p 00019000 08:04 4592657                    /lib/x86_64-linux-gnu/libpthread-2.27.so
7fe755ebf000-7fe755ec0000 rw-p 0001a000 08:04 4592657                    /lib/x86_64-linux-gnu/libpthread-2.27.so
7fe755ec0000-7fe755ec4000 rw-p 00000000 00:00 0 
7fe755ec4000-7fe755ec7000 r-xp 00000000 08:04 4592547                    /lib/x86_64-linux-gnu/libdl-2.27.so
7fe755ec7000-7fe7560c6000 ---p 00003000 08:04 4592547                    /lib/x86_64-linux-gnu/libdl-2.27.so
7fe7560c6000-7fe7560c7000 r--p 00002000 08:04 4592547                    /lib/x86_64-linux-gnu/libdl-2.27.so
7fe7560c7000-7fe7560c8000 rw-p 00003000 08:04 4592547                    /lib/x86_64-linux-gnu/libdl-2.27.so
7fe7560c8000-7fe7560e4000 r-xp 00000000 08:04 4592696                    /lib/x86_64-linux-gnu/libz.so.1.2.11
7fe7560e4000-7fe7562e3000 ---p 0001c000 08:04 4592696                    /lib/x86_64-linux-gnu/libz.so.1.2.11
7fe7562e3000-7fe7562e4000 r--p 0001b000 08:04 4592696                    /lib/x86_64-linux-gnu/libz.so.1.2.11
7fe7562e4000-7fe7562e5000 rw-p 0001c000 08:04 4592696                    /lib/x86_64-linux-gnu/libz.so.1.2.11
7fe7562e5000-7fe7564cc000 r-xp 00000000 08:04 4592524                    /lib/x86_64-linux-gnu/libc-2.27.so
7fe7564cc000-7fe7566cc000 ---p 001e7000 08:04 4592524                    /lib/x86_64-linux-gnu/libc-2.27.so
7fe7566cc000-7fe7566d0000 r--p 001e7000 08:04 4592524                    /lib/x86_64-linux-gnu/libc-2.27.so
7fe7566d0000-7fe7566d2000 rw-p 001eb000 08:04 4592524                    /lib/x86_64-linux-gnu/libc-2.27.so
7fe7566d2000-7fe7566d6000 rw-p 00000000 00:00 0 
7fe7566d6000-7fe7566e4000 r-xp 00000000 08:04 4068943                    /usr/lib/jvm/java-8-openjdk-amd64/jre/lib/amd64/jli/libjli.so
7fe7566e4000-7fe7568e3000 ---p 0000e000 08:04 4068943                    /usr/lib/jvm/java-8-openjdk-amd64/jre/lib/amd64/jli/libjli.so
7fe7568e3000-7fe7568e4000 r--p 0000d000 08:04 4068943                    /usr/lib/jvm/java-8-openjdk-amd64/jre/lib/amd64/jli/libjli.so
7fe7568e4000-7fe7568e5000 rw-p 0000e000 08:04 4068943                    /usr/lib/jvm/java-8-openjdk-amd64/jre/lib/amd64/jli/libjli.so
7fe7568e5000-7fe75690c000 r-xp 00000000 08:04 4592496                    /lib/x86_64-linux-gnu/ld-2.27.so
7fe75690c000-7fe75690d000 r--s 00000000 08:04 926905                     /var/cache/fontconfig/c277e94e32b20404286a1ddafa5a80f0-le64.cache-7
7fe75690d000-7fe75690e000 r--s 00010000 08:04 4069017                    /usr/lib/jvm/java-8-openjdk-amd64/jre/lib/ext/zipfs.jar
7fe75690e000-7fe756911000 r--s 00038000 08:04 4069016                    /usr/lib/jvm/java-8-openjdk-amd64/jre/lib/ext/sunpkcs11.jar
7fe756911000-7fe7569f3000 rw-p 00000000 00:00 0 
7fe7569f3000-7fe7569f4000 ---p 00000000 00:00 0 
7fe7569f4000-7fe7569f7000 ---p 00000000 00:00 0 
7fe7569f7000-7fe756af6000 rw-p 00000000 00:00 0 
7fe756af6000-7fe756af9000 r--s 0000f000 08:04 4069010                    /usr/lib/jvm/java-8-openjdk-amd64/jre/lib/ext/icedtea-sound.jar
7fe756af9000-7fe756afb000 r--s 00001000 08:04 4069009                    /usr/lib/jvm/java-8-openjdk-amd64/jre/lib/ext/dnsns.jar
7fe756afb000-7fe756afd000 r--s 00007000 08:04 4457992                    /usr/share/java/java-atk-wrapper.jar
7fe756afd000-7fe756aff000 r--s 00008000 08:04 4069014                    /usr/lib/jvm/java-8-openjdk-amd64/jre/lib/ext/sunec.jar
7fe756aff000-7fe756b00000 r--s 0000a000 08:04 4069011                    /usr/lib/jvm/java-8-openjdk-amd64/jre/lib/ext/jaccess.jar
7fe756b00000-7fe756b08000 rw-s 00000000 08:04 1708429                    /tmp/hsperfdata_administrador/15430
7fe756b08000-7fe756b09000 rw-p 00000000 00:00 0 
7fe756b09000-7fe756b0a000 r--p 00000000 00:00 0 
7fe756b0a000-7fe756b0c000 rw-p 00000000 00:00 0 
7fe756b0c000-7fe756b0d000 r--p 00027000 08:04 4592496                    /lib/x86_64-linux-gnu/ld-2.27.so
7fe756b0d000-7fe756b0e000 rw-p 00028000 08:04 4592496                    /lib/x86_64-linux-gnu/ld-2.27.so
7fe756b0e000-7fe756b0f000 rw-p 00000000 00:00 0 
7ffe37e16000-7ffe37e37000 rw-p 00000000 00:00 0                          [stack]
7ffe37e3e000-7ffe37e41000 r--p 00000000 00:00 0                          [vvar]
7ffe37e41000-7ffe37e43000 r-xp 00000000 00:00 0                          [vdso]
ffffffffff600000-ffffffffff601000 r-xp 00000000 00:00 0                  [vsyscall]

VM Arguments:
jvm_args: -Dfile.encoding=UTF-8 
java_command: Tela.CadastroClientes
java_class_path (initial): /home/administrador/netbeans-8.2/ide/modules/ext/postgresql-9.4.1209.jar:/home/administrador/Documentos/jcalendar-1.4.jar:/home/administrador/Documentos/postgresql-42.2.2.jar:/home/administrador/Documentos/looks-2.3.1.jar:/home/administrador/Documentos/jdatechooser_bin_doc_1_1_1:/home/administrador/Documentos/CycloneOS/build/classes
Launcher Type: SUN_STANDARD

Environment Variables:
PATH=/usr/local/sbin:/usr/local/bin:/usr/sbin:/usr/bin:/sbin:/bin:/usr/games:/usr/local/games:/snap/bin
USERNAME=administrador
LD_LIBRARY_PATH=/usr/lib/jvm/java-8-openjdk-amd64/jre/lib/amd64:/usr/lib/jvm/java-8-openjdk-amd64/jre/lib/i386:
SHELL=/bin/bash
DISPLAY=:0

Signal Handlers:
SIGSEGV: [libjvm.so+0xaaf3a0], sa_mask[0]=11111111011111111101111111111110, sa_flags=SA_RESTART|SA_SIGINFO
SIGBUS: [libjvm.so+0xaaf3a0], sa_mask[0]=11111111011111111101111111111110, sa_flags=SA_RESTART|SA_SIGINFO
SIGFPE: [libjvm.so+0x8e52e0], sa_mask[0]=11111111011111111101111111111110, sa_flags=SA_RESTART|SA_SIGINFO
SIGPIPE: [libjvm.so+0x8e52e0], sa_mask[0]=11111111011111111101111111111110, sa_flags=SA_RESTART|SA_SIGINFO
SIGXFSZ: [libjvm.so+0x8e52e0], sa_mask[0]=11111111011111111101111111111110, sa_flags=SA_RESTART|SA_SIGINFO
SIGILL: [libjvm.so+0x8e52e0], sa_mask[0]=11111111011111111101111111111110, sa_flags=SA_RESTART|SA_SIGINFO
SIGUSR1: SIG_DFL, sa_mask[0]=00000000000000000000000000000000, sa_flags=none
SIGUSR2: [libjvm.so+0x8e5190], sa_mask[0]=00100000000000000000000000000000, sa_flags=SA_RESTART|SA_SIGINFO
SIGHUP: [libjvm.so+0x8e5640], sa_mask[0]=11111111011111111101111111111110, sa_flags=SA_RESTART|SA_SIGINFO
SIGINT: SIG_IGN, sa_mask[0]=00000000000000000000000000000000, sa_flags=none
SIGTERM: [libjvm.so+0x8e5640], sa_mask[0]=11111111011111111101111111111110, sa_flags=SA_RESTART|SA_SIGINFO
SIGQUIT: [libjvm.so+0x8e5640], sa_mask[0]=11111111011111111101111111111110, sa_flags=SA_RESTART|SA_SIGINFO


---------------  S Y S T E M  ---------------

OS:DISTRIB_ID=Ubuntu
DISTRIB_RELEASE=18.04
DISTRIB_CODENAME=bionic
DISTRIB_DESCRIPTION="Ubuntu 18.04.1 LTS"

uname:Linux 4.15.0-36-generic #39-Ubuntu SMP Mon Sep 24 16:19:09 UTC 2018 x86_64
libc:glibc 2.27 NPTL 2.27 
rlimit: STACK 8192k, CORE 0k, NPROC 22872, NOFILE 1048576, AS infinity
load average:12,61 3,60 1,74

/proc/meminfo:
MemTotal:        5980632 kB
MemFree:         4061956 kB
MemAvailable:    4850460 kB
Buffers:          106592 kB
Cached:           938488 kB
SwapCached:        66092 kB
Active:          1116932 kB
Inactive:         611484 kB
Active(anon):     498656 kB
Inactive(anon):   259496 kB
Active(file):     618276 kB
Inactive(file):   351988 kB
Unevictable:           0 kB
Mlocked:               0 kB
SwapTotal:       2097148 kB
SwapFree:        1634984 kB
Dirty:               388 kB
Writeback:           120 kB
AnonPages:        648948 kB
Mapped:           103988 kB
Shmem:             74612 kB
Slab:             113620 kB
SReclaimable:      67036 kB
SUnreclaim:        46584 kB
KernelStack:        4352 kB
PageTables:        11440 kB
NFS_Unstable:          0 kB
Bounce:                0 kB
WritebackTmp:          0 kB
CommitLimit:     5087464 kB
Committed_AS:    2067144 kB
VmallocTotal:   34359738367 kB
VmallocUsed:           0 kB
VmallocChunk:          0 kB
HardwareCorrupted:     0 kB
AnonHugePages:         0 kB
ShmemHugePages:        0 kB
ShmemPmdMapped:        0 kB
CmaTotal:              0 kB
CmaFree:               0 kB
HugePages_Total:       0
HugePages_Free:        0
HugePages_Rsvd:        0
HugePages_Surp:        0
Hugepagesize:       2048 kB
DirectMap4k:      275200 kB
DirectMap2M:     5894144 kB
DirectMap1G:     1048576 kB


CPU:total 4 (initial active 4) (2 cores per cpu, 2 threads per core) family 6 model 69 stepping 1, cmov, cx8, fxsr, mmx, sse, sse2, sse3, ssse3, sse4.1, sse4.2, popcnt, avx, avx2, aes, clmul, erms, lzcnt, ht, tsc, tscinvbit, bmi1, bmi2

/proc/cpuinfo:
processor	: 0
vendor_id	: GenuineIntel
cpu family	: 6
model		: 69
model name	: Intel(R) Core(TM) i5-4200U CPU @ 1.60GHz
stepping	: 1
microcode	: 0x24
cpu MHz		: 2374.819
cache size	: 3072 KB
physical id	: 0
siblings	: 4
core id		: 0
cpu cores	: 2
apicid		: 0
initial apicid	: 0
fpu		: yes
fpu_exception	: yes
cpuid level	: 13
wp		: yes
flags		: fpu vme de pse tsc msr pae mce cx8 apic sep mtrr pge mca cmov pat pse36 clflush dts acpi mmx fxsr sse sse2 ss ht tm pbe syscall nx pdpe1gb rdtscp lm constant_tsc arch_perfmon pebs bts rep_good nopl xtopology nonstop_tsc cpuid aperfmperf pni pclmulqdq dtes64 monitor ds_cpl vmx est tm2 ssse3 sdbg fma cx16 xtpr pdcm pcid sse4_1 sse4_2 movbe popcnt tsc_deadline_timer aes xsave avx f16c rdrand lahf_lm abm cpuid_fault epb invpcid_single pti ssbd ibrs ibpb stibp tpr_shadow vnmi flexpriority ept vpid fsgsbase tsc_adjust bmi1 avx2 smep bmi2 erms invpcid xsaveopt dtherm ida arat pln pts flush_l1d
bugs		: cpu_meltdown spectre_v1 spectre_v2 spec_store_bypass l1tf
bogomips	: 4589.41
clflush size	: 64
cache_alignment	: 64
address sizes	: 39 bits physical, 48 bits virtual
power management:

processor	: 1
vendor_id	: GenuineIntel
cpu family	: 6
model		: 69
model name	: Intel(R) Core(TM) i5-4200U CPU @ 1.60GHz
stepping	: 1
microcode	: 0x24
cpu MHz		: 2294.615
cache size	: 3072 KB
physical id	: 0
siblings	: 4
core id		: 0
cpu cores	: 2
apicid		: 1
initial apicid	: 1
fpu		: yes
fpu_exception	: yes
cpuid level	: 13
wp		: yes
flags		: fpu vme de pse tsc msr pae mce cx8 apic sep mtrr pge mca cmov pat pse36 clflush dts acpi mmx fxsr sse sse2 ss ht tm pbe syscall nx pdpe1gb rdtscp lm constant_tsc arch_perfmon pebs bts rep_good nopl xtopology nonstop_tsc cpuid aperfmperf pni pclmulqdq dtes64 monitor ds_cpl vmx est tm2 ssse3 sdbg fma cx16 xtpr pdcm pcid sse4_1 sse4_2 movbe popcnt tsc_deadline_timer aes xsave avx f16c rdrand lahf_lm abm cpuid_fault epb invpcid_single pti ssbd ibrs ibpb stibp tpr_shadow vnmi flexpriority ept vpid fsgsbase tsc_adjust bmi1 avx2 smep bmi2 erms invpcid xsaveopt dtherm ida arat pln pts flush_l1d
bugs		: cpu_meltdown spectre_v1 spectre_v2 spec_store_bypass l1tf
bogomips	: 4589.41
clflush size	: 64
cache_alignment	: 64
address sizes	: 39 bits physical, 48 bits virtual
power management:

processor	: 2
vendor_id	: GenuineIntel
cpu family	: 6
model		: 69
model name	: Intel(R) Core(TM) i5-4200U CPU @ 1.60GHz
stepping	: 1
microcode	: 0x24
cpu MHz		: 2294.687
cache size	: 3072 KB
physical id	: 0
siblings	: 4
core id		: 1
cpu cores	: 2
apicid		: 2
initial apicid	: 2
fpu		: yes
fpu_exception	: yes
cpuid level	: 13
wp		: yes
flags		: fpu vme de pse tsc msr pae mce cx8 apic sep mtrr pge mca cmov pat pse36 clflush dts acpi mmx fxsr sse sse2 ss ht tm pbe syscall nx pdpe1gb rdtscp lm constant_tsc arch_perfmon pebs bts rep_good nopl xtopology nonstop_tsc cpuid aperfmperf pni pclmulqdq dtes64 monitor ds_cpl vmx est tm2 ssse3 sdbg fma cx16 xtpr pdcm pcid sse4_1 sse4_2 movbe popcnt tsc_deadline_timer aes xsave avx f16c rdrand lahf_lm abm cpuid_fault epb invpcid_single pti ssbd ibrs ibpb stibp tpr_shadow vnmi flexpriority ept vpid fsgsbase tsc_adjust bmi1 avx2 smep bmi2 erms invpcid xsaveopt dtherm ida arat pln pts flush_l1d
bugs		: cpu_meltdown spectre_v1 spectre_v2 spec_store_bypass l1tf
bogomips	: 4589.41
clflush size	: 64
cache_alignment	: 64
address sizes	: 39 bits physical, 48 bits virtual
power management:

processor	: 3
vendor_id	: GenuineIntel
cpu family	: 6
model		: 69
model name	: Intel(R) Core(TM) i5-4200U CPU @ 1.60GHz
stepping	: 1
microcode	: 0x24
cpu MHz		: 2294.700
cache size	: 3072 KB
physical id	: 0
siblings	: 4
core id		: 1
cpu cores	: 2
apicid		: 3
initial apicid	: 3
fpu		: yes
fpu_exception	: yes
cpuid level	: 13
wp		: yes
flags		: fpu vme de pse tsc msr pae mce cx8 apic sep mtrr pge mca cmov pat pse36 clflush dts acpi mmx fxsr sse sse2 ss ht tm pbe syscall nx pdpe1gb rdtscp lm constant_tsc arch_perfmon pebs bts rep_good nopl xtopology nonstop_tsc cpuid aperfmperf pni pclmulqdq dtes64 monitor ds_cpl vmx est tm2 ssse3 sdbg fma cx16 xtpr pdcm pcid sse4_1 sse4_2 movbe popcnt tsc_deadline_timer aes xsave avx f16c rdrand lahf_lm abm cpuid_fault epb invpcid_single pti ssbd ibrs ibpb stibp tpr_shadow vnmi flexpriority ept vpid fsgsbase tsc_adjust bmi1 avx2 smep bmi2 erms invpcid xsaveopt dtherm ida arat pln pts flush_l1d
bugs		: cpu_meltdown spectre_v1 spectre_v2 spec_store_bypass l1tf
bogomips	: 4589.41
clflush size	: 64
cache_alignment	: 64
address sizes	: 39 bits physical, 48 bits virtual
power management:



Memory: 4k page, physical 5980632k(4061716k free), swap 2097148k(1634984k free)

vm_info: OpenJDK 64-Bit Server VM (25.181-b13) for linux-amd64 JRE (1.8.0_181-8u181-b13-0ubuntu0.18.04.1-b13), built on Jul 23 2018 19:14:48 by "buildd" with gcc 7.3.0

time: Sun Oct 14 22:49:07 2018
elapsed time: 26517 seconds (0d 7h 21m 57s)

